RG-Evo: DMFE Simulation
=======================
Version: v1.0.2.4-dirty (modified)
Git Hash: afab27b7c4e9115e111020c27cae62be154a628c
Git Branch: main
Git Tag: v1.0.2.4
Build Date: Sep 16 2025 14:55:37
Compiler: GCC 4.2.1
CUDA: CUDA 11.8

Running simulation with parameters:
  p = 3
  p2 = 4
  lambda = 0.5
  T0 = inf
  Gamma = 0
  len = 512
  maxLoop = 300
  tmax = 1e+07
  delta_t_min = 1e-05
  delta_max = 1e-10
  debug = true
  save_output = true
  use_serk2 = true
  out_dir = Results/
Compatible GPU found: NVIDIA GeForce RTX 4090
Executable (canonical): /files/home/part2/jlang/Bookworm/Nextcloud/Spin-glass/Codes/DMFE/RG-Evo
HOME (canonical): /files/home/part2/jlang/Bookworm/
Selected results root: /nobackups/jlang/Results/
Directory already exists: /nobackups/jlang/Results/
Directory is writable.
Found existing simulation file. Attempting to load...
New simulation...
Host -> Device vector copy complete.
Starting simulation...
 loop: 1 time: 0.00001000000000 time step: 0.00001000000000 delta: 0.00000000000006 method: RK54 QK: 0.99999999982500 length of t1grid: 2
 loop: 2 time: 0.00002000000000 time step: 0.00001000000000 delta: 0.00000000000006 method: RK54 QK: 0.99999999930000 length of t1grid: 3
 loop: 3 time: 0.00003000000000 time step: 0.00001000000000 delta: 0.00000000000006 method: RK54 QK: 0.99999999842500 length of t1grid: 4
 loop: 4 time: 0.00004000000000 time step: 0.00001000000000 delta: 0.00000000000007 method: RK54 QK: 0.99999999720000 length of t1grid: 5
 loop: 5 time: 0.00005000000000 time step: 0.00001000000000 delta: 0.00000000000007 method: RK54 QK: 0.99999999562500 length of t1grid: 6
 loop: 6 time: 0.00006000000000 time step: 0.00001010000000 delta: 0.00000000000007 method: RK54 QK: 0.99999999370000 length of t1grid: 7
 loop: 7 time: 0.00007010000000 time step: 0.00001010000000 delta: 0.00000000000007 method: RK54 QK: 0.99999999140048 length of t1grid: 8
 loop: 8 time: 0.00008020000000 time step: 0.00001010000000 delta: 0.00000000000007 method: RK54 QK: 0.99999998874393 length of t1grid: 9
 loop: 9 time: 0.00009030000000 time step: 0.00001020100000 delta: 0.00000000000007 method: RK54 QK: 0.99999998573034 length of t1grid: 10
 loop: 10 time: 0.00010050100000 time step: 0.00001020100000 delta: 0.00000000000006 method: RK54 QK: 0.99999998232421 length of t1grid: 11
 loop: 11 time: 0.00011070200000 time step: 0.00001030301000 delta: 0.00000000000007 method: RK54 QK: 0.99999997855387 length of t1grid: 12
 loop: 12 time: 0.00012100501000 time step: 0.00001030301000 delta: 0.00000000000007 method: RK54 QK: 0.99999997437613 length of t1grid: 13
 loop: 13 time: 0.00013130802000 time step: 0.00001040604010 delta: 0.00000000000007 method: RK54 QK: 0.99999996982686 length of t1grid: 14
 loop: 14 time: 0.00014171406010 time step: 0.00001040604010 delta: 0.00000000000007 method: RK54 QK: 0.99999996485497 length of t1grid: 15
 loop: 15 time: 0.00015212010020 time step: 0.00001051010050 delta: 0.00000000000007 method: RK54 QK: 0.99999995950409 length of t1grid: 16
 loop: 16 time: 0.00016263020070 time step: 0.00001051010050 delta: 0.00000000000007 method: RK54 QK: 0.99999995371499 length of t1grid: 17
 loop: 17 time: 0.00017314030120 time step: 0.00001061520151 delta: 0.00000000000007 method: RK54 QK: 0.99999994753927 length of t1grid: 18
 loop: 18 time: 0.00018375550271 time step: 0.00001061520151 delta: 0.00000000000006 method: RK54 QK: 0.99999994090936 length of t1grid: 19
 loop: 19 time: 0.00019437070421 time step: 0.00001072135352 delta: 0.00000000000007 method: RK54 QK: 0.99999993388506 length of t1grid: 20
 loop: 20 time: 0.00020509205774 time step: 0.00001072135352 delta: 0.00000000000007 method: RK54 QK: 0.99999992639020 length of t1grid: 21
 loop: 21 time: 0.00021581341126 time step: 0.00001082856706 delta: 0.00000000000007 method: RK54 QK: 0.99999991849302 length of t1grid: 22
 loop: 22 time: 0.00022664197831 time step: 0.00001082856706 delta: 0.00000000000007 method: RK54 QK: 0.99999991010850 length of t1grid: 23
 loop: 23 time: 0.00023747054537 time step: 0.00001093685273 delta: 0.00000000000006 method: RK54 QK: 0.99999990131357 length of t1grid: 24
 loop: 24 time: 0.00024840739810 time step: 0.00001093685273 delta: 0.00000000000007 method: RK54 QK: 0.99999989201412 length of t1grid: 25
 loop: 25 time: 0.00025934425082 time step: 0.00001093685273 delta: 0.00000000000007 method: RK54 QK: 0.99999988229602 length of t1grid: 26
 loop: 26 time: 0.00027028110355 time step: 0.00001104622125 delta: 0.00000000000007 method: RK54 QK: 0.99999987215927 length of t1grid: 27
 loop: 27 time: 0.00028132732480 time step: 0.00001104622125 delta: 0.00000000000007 method: RK54 QK: 0.99999986149620 length of t1grid: 28
 loop: 28 time: 0.00029237354606 time step: 0.00001115668347 delta: 0.00000000000007 method: RK54 QK: 0.99999985040606 length of t1grid: 29
 loop: 29 time: 0.00030353022952 time step: 0.00001115668347 delta: 0.00000000000007 method: RK54 QK: 0.99999983877153 length of t1grid: 30
 loop: 30 time: 0.00031468691299 time step: 0.00001126825030 delta: 0.00000000000007 method: RK54 QK: 0.99999982670135 length of t1grid: 31
 loop: 31 time: 0.00032595516329 time step: 0.00001126825030 delta: 0.00000000000007 method: RK54 QK: 0.99999981406826 length of t1grid: 32
 loop: 32 time: 0.00033722341359 time step: 0.00001138093280 delta: 0.00000000000007 method: RK54 QK: 0.99999980099076 length of t1grid: 33
 loop: 33 time: 0.00034860434640 time step: 0.00001138093280 delta: 0.00000000000007 method: RK54 QK: 0.99999978733140 length of t1grid: 34
 loop: 34 time: 0.00035998527920 time step: 0.00001149474213 delta: 0.00000000000007 method: RK54 QK: 0.99999977321870 length of t1grid: 35
 loop: 35 time: 0.00037148002133 time step: 0.00001149474213 delta: 0.00000000000007 method: RK54 QK: 0.99999975850471 length of t1grid: 36
 loop: 36 time: 0.00038297476347 time step: 0.00001160968955 delta: 0.00000000000007 method: RK54 QK: 0.99999974332828 length of t1grid: 37
 loop: 37 time: 0.00039458445302 time step: 0.00001160968955 delta: 0.00000000000007 method: RK54 QK: 0.99999972753066 length of t1grid: 38
 loop: 38 time: 0.00040619414257 time step: 0.00001172578645 delta: 0.00000000000007 method: RK54 QK: 0.99999971126131 length of t1grid: 39
 loop: 39 time: 0.00041791992902 time step: 0.00001172578645 delta: 0.00000000000007 method: RK54 QK: 0.99999969435041 length of t1grid: 40
 loop: 40 time: 0.00042964571547 time step: 0.00001184304431 delta: 0.00000000000007 method: RK54 QK: 0.99999967695829 length of t1grid: 41
 loop: 41 time: 0.00044148875979 time step: 0.00001184304431 delta: 0.00000000000007 method: RK54 QK: 0.99999965890378 length of t1grid: 42
 loop: 42 time: 0.00045333180410 time step: 0.00001196147476 delta: 0.00000000000007 method: RK54 QK: 0.99999964035837 length of t1grid: 43
 loop: 43 time: 0.00046529327886 time step: 0.00001196147476 delta: 0.00000000000007 method: RK54 QK: 0.99999962112922 length of t1grid: 44
 loop: 44 time: 0.00047725475361 time step: 0.00001208108950 delta: 0.00000000000007 method: RK54 QK: 0.99999960139930 length of t1grid: 45
 loop: 45 time: 0.00048933584312 time step: 0.00001208108950 delta: 0.00000000000007 method: RK54 QK: 0.99999958096378 length of t1grid: 46
 loop: 46 time: 0.00050141693262 time step: 0.00001208108950 delta: 0.00000000000006 method: RK54 QK: 0.99999956001743 length of t1grid: 47
 loop: 47 time: 0.00051349802213 time step: 0.00001220190040 delta: 0.00000000000007 method: RK54 QK: 0.99999953856025 length of t1grid: 48
 loop: 48 time: 0.00052569992253 time step: 0.00001220190040 delta: 0.00000000000007 method: RK54 QK: 0.99999951636998 length of t1grid: 49
 loop: 49 time: 0.00053790182293 time step: 0.00001232391940 delta: 0.00000000000006 method: RK54 QK: 0.99999949365861 length of t1grid: 50
 loop: 50 time: 0.00055022574233 time step: 0.00001232391940 delta: 0.00000000000007 method: RK54 QK: 0.99999947019119 length of t1grid: 51
 loop: 51 time: 0.00056254966173 time step: 0.00001244715860 delta: 0.00000000000007 method: RK54 QK: 0.99999944619220 length of t1grid: 52
 loop: 52 time: 0.00057499682033 time step: 0.00001244715860 delta: 0.00000000000007 method: RK54 QK: 0.99999942141365 length of t1grid: 53
 loop: 53 time: 0.00058744397893 time step: 0.00001257163018 delta: 0.00000000000007 method: RK54 QK: 0.99999939609284 length of t1grid: 54
 loop: 54 time: 0.00060001560911 time step: 0.00001257163018 delta: 0.00000000000007 method: RK54 QK: 0.99999936996840 length of t1grid: 55
 loop: 55 time: 0.00061258723930 time step: 0.00001269734649 delta: 0.00000000000007 method: RK54 QK: 0.99999934329081 length of t1grid: 56
 loop: 56 time: 0.00062528458578 time step: 0.00001269734649 delta: 0.00000000000007 method: RK54 QK: 0.99999931578497 length of t1grid: 57
 loop: 57 time: 0.00063798193227 time step: 0.00001282431995 delta: 0.00000000000007 method: RK54 QK: 0.99999928771486 length of t1grid: 58
 loop: 58 time: 0.00065080625222 time step: 0.00001282431995 delta: 0.00000000000007 method: RK54 QK: 0.99999925879127 length of t1grid: 59
 loop: 59 time: 0.00066363057217 time step: 0.00001295256315 delta: 0.00000000000006 method: RK54 QK: 0.99999922929208 length of t1grid: 60
 loop: 60 time: 0.00067658313532 time step: 0.00001295256315 delta: 0.00000000000007 method: RK54 QK: 0.99999919891362 length of t1grid: 61
 loop: 61 time: 0.00068953569847 time step: 0.00001308208878 delta: 0.00000000000006 method: RK54 QK: 0.99999916794797 length of t1grid: 62
 loop: 62 time: 0.00070261778725 time step: 0.00001308208878 delta: 0.00000000000007 method: RK54 QK: 0.99999913607665 length of t1grid: 63
 loop: 63 time: 0.00071569987603 time step: 0.00001321290967 delta: 0.00000000000007 method: RK54 QK: 0.99999910360635 length of t1grid: 64
 loop: 64 time: 0.00072891278570 time step: 0.00001321290967 delta: 0.00000000000007 method: RK54 QK: 0.99999907020334 length of t1grid: 65
 loop: 65 time: 0.00074212569537 time step: 0.00001334503877 delta: 0.00000000000007 method: RK54 QK: 0.99999903618931 length of t1grid: 66
 loop: 66 time: 0.00075547073413 time step: 0.00001334503877 delta: 0.00000000000007 method: RK54 QK: 0.99999900121492 length of t1grid: 67
 loop: 67 time: 0.00076881577290 time step: 0.00001347848915 delta: 0.00000000000007 method: RK54 QK: 0.99999896561722 length of t1grid: 68
 loop: 68 time: 0.00078229426205 time step: 0.00001347848915 delta: 0.00000000000007 method: RK54 QK: 0.99999892903087 length of t1grid: 69
 loop: 69 time: 0.00079577275120 time step: 0.00001361327404 delta: 0.00000000000007 method: RK54 QK: 0.99999889180868 length of t1grid: 70
 loop: 70 time: 0.00080938602525 time step: 0.00001361327404 delta: 0.00000000000007 method: RK54 QK: 0.99999885356887 length of t1grid: 71
 loop: 71 time: 0.00082299929929 time step: 0.00001374940679 delta: 0.00000000000007 method: RK54 QK: 0.99999881468045 length of t1grid: 72
 loop: 72 time: 0.00083674870608 time step: 0.00001374940679 delta: 0.00000000000007 method: RK54 QK: 0.99999877474477 length of t1grid: 73
 loop: 73 time: 0.00085049811286 time step: 0.00001388690085 delta: 0.00000000000007 method: RK54 QK: 0.99999873414745 length of t1grid: 74
 loop: 74 time: 0.00086438501372 time step: 0.00001388690085 delta: 0.00000000000007 method: RK54 QK: 0.99999869247255 length of t1grid: 75
 loop: 75 time: 0.00087827191457 time step: 0.00001402576986 delta: 0.00000000000007 method: RK54 QK: 0.99999865012270 length of t1grid: 76
 loop: 76 time: 0.00089229768443 time step: 0.00001402576986 delta: 0.00000000000007 method: RK54 QK: 0.99999860666425 length of t1grid: 77
 loop: 77 time: 0.00090632345429 time step: 0.00001416602756 delta: 0.00000000000007 method: RK54 QK: 0.99999856251729 length of t1grid: 78
 loop: 78 time: 0.00092048948185 time step: 0.00001416602756 delta: 0.00000000000007 method: RK54 QK: 0.99999851722999 length of t1grid: 79
 loop: 79 time: 0.00093465550941 time step: 0.00001430768784 delta: 0.00000000000007 method: RK54 QK: 0.99999847124034 length of t1grid: 80
 loop: 80 time: 0.00094896319725 time step: 0.00001430768784 delta: 0.00000000000007 method: RK54 QK: 0.99999842407788 length of t1grid: 81
 loop: 81 time: 0.00096327088509 time step: 0.00001445076471 delta: 0.00000000000007 method: RK54 QK: 0.99999837619895 length of t1grid: 82
 loop: 82 time: 0.00097772164980 time step: 0.00001445076471 delta: 0.00000000000007 method: RK54 QK: 0.99999832711399 length of t1grid: 83
 loop: 83 time: 0.00099217241451 time step: 0.00001459527236 delta: 0.00000000000007 method: RK54 QK: 0.99999827729816 length of t1grid: 84
 loop: 84 time: 0.00100676768688 time step: 0.00001459527236 delta: 0.00000000000007 method: RK54 QK: 0.99999822624231 length of t1grid: 85
 loop: 85 time: 0.00102136295924 time step: 0.00001474122509 delta: 0.00000000000007 method: RK54 QK: 0.99999817444090 length of t1grid: 86
 loop: 86 time: 0.00103610418432 time step: 0.00001474122509 delta: 0.00000000000007 method: RK54 QK: 0.99999812136471 length of t1grid: 87
 loop: 87 time: 0.00105084540941 time step: 0.00001488863734 delta: 0.00000000000007 method: RK54 QK: 0.99999806752798 length of t1grid: 88
 loop: 88 time: 0.00106573404674 time step: 0.00001488863734 delta: 0.00000000000007 method: RK54 QK: 0.99999801238091 length of t1grid: 89
 loop: 89 time: 0.00108062268408 time step: 0.00001503752371 delta: 0.00000000000007 method: RK54 QK: 0.99999795645800 length of t1grid: 90
 loop: 90 time: 0.00109566020779 time step: 0.00001503752371 delta: 0.00000000000007 method: RK54 QK: 0.99999789918838 length of t1grid: 91
 loop: 91 time: 0.00111069773150 time step: 0.00001518789895 delta: 0.00000000000007 method: RK54 QK: 0.99999784112733 length of t1grid: 92
 loop: 92 time: 0.00112588563044 time step: 0.00001518789895 delta: 0.00000000000007 method: RK54 QK: 0.99999778168235 length of t1grid: 93
 loop: 93 time: 0.00114107352939 time step: 0.00001533977794 delta: 0.00000000000006 method: RK54 QK: 0.99999772143005 length of t1grid: 94
 loop: 94 time: 0.00115641330733 time step: 0.00001533977794 delta: 0.00000000000007 method: RK54 QK: 0.99999765975576 length of t1grid: 95
 loop: 95 time: 0.00117175308526 time step: 0.00001549317572 delta: 0.00000000000007 method: RK54 QK: 0.99999759725792 length of t1grid: 96
 loop: 96 time: 0.00118724626098 time step: 0.00001549317572 delta: 0.00000000000007 method: RK54 QK: 0.99999753329916 length of t1grid: 97
 loop: 97 time: 0.00120273943669 time step: 0.00001564810747 delta: 0.00000000000007 method: RK54 QK: 0.99999746850031 length of t1grid: 98
 loop: 98 time: 0.00121838754416 time step: 0.00001564810747 delta: 0.00000000000007 method: RK54 QK: 0.99999740220072 length of t1grid: 99
 loop: 99 time: 0.00123403565164 time step: 0.00001580458855 delta: 0.00000000000007 method: RK54 QK: 0.99999733504416 length of t1grid: 100
 loop: 100 time: 0.00124984024018 time step: 0.00001580458855 delta: 0.00000000000007 method: RK54 QK: 0.99999726634615 length of t1grid: 101
 loop: 101 time: 0.00126564482873 time step: 0.00001596263443 delta: 0.00000000000007 method: RK54 QK: 0.99999719677393 length of t1grid: 102
 loop: 102 time: 0.00128160746316 time step: 0.00001596263443 delta: 0.00000000000007 method: RK54 QK: 0.99999712561863 length of t1grid: 103
 loop: 103 time: 0.00129757009760 time step: 0.00001612226078 delta: 0.00000000000007 method: RK54 QK: 0.99999705357156 length of t1grid: 104
 loop: 104 time: 0.00131369235837 time step: 0.00001612226078 delta: 0.00000000000007 method: RK54 QK: 0.99999697989882 length of t1grid: 105
 loop: 105 time: 0.00132981461915 time step: 0.00001612226078 delta: 0.00000000000007 method: RK54 QK: 0.99999690531639 length of t1grid: 106
 loop: 106 time: 0.00134593687993 time step: 0.00001628348338 delta: 0.00000000000007 method: RK54 QK: 0.99999682982426 length of t1grid: 107
 loop: 107 time: 0.00136222036331 time step: 0.00001628348338 delta: 0.00000000000007 method: RK54 QK: 0.99999675265383 length of t1grid: 108
 loop: 108 time: 0.00137850384670 time step: 0.00001644631822 delta: 0.00000000000007 method: RK54 QK: 0.99999667455542 length of t1grid: 109
 loop: 109 time: 0.00139495016491 time step: 0.00001644631822 delta: 0.00000000000007 method: RK54 QK: 0.99999659473408 length of t1grid: 110
 loop: 110 time: 0.00141139648313 time step: 0.00001661078140 delta: 0.00000000000007 method: RK54 QK: 0.99999651396611 length of t1grid: 111
 loop: 111 time: 0.00142800726453 time step: 0.00001661078140 delta: 0.00000000000007 method: RK54 QK: 0.99999643142959 length of t1grid: 112
 loop: 112 time: 0.00144461804593 time step: 0.00001677688921 delta: 0.00000000000007 method: RK54 QK: 0.99999634792742 length of t1grid: 113
 loop: 113 time: 0.00146139493515 time step: 0.00001677688921 delta: 0.00000000000007 method: RK54 QK: 0.99999626261005 length of t1grid: 114
 loop: 114 time: 0.00147817182436 time step: 0.00001694465811 delta: 0.00000000000007 method: RK54 QK: 0.99999617630762 length of t1grid: 115
 loop: 115 time: 0.00149511648247 time step: 0.00001694465811 delta: 0.00000000000007 method: RK54 QK: 0.99999608814228 length of t1grid: 116
 loop: 116 time: 0.00151206114058 time step: 0.00001711410469 delta: 0.00000000000007 method: RK54 QK: 0.99999599897208 length of t1grid: 117
 loop: 117 time: 0.00152917524526 time step: 0.00001711410469 delta: 0.00000000000007 method: RK54 QK: 0.99999590789021 length of t1grid: 118
 loop: 118 time: 0.00154628934995 time step: 0.00001728524573 delta: 0.00000000000007 method: RK54 QK: 0.99999581578329 length of t1grid: 119
 loop: 119 time: 0.00156357459569 time step: 0.00001728524573 delta: 0.00000000000007 method: RK54 QK: 0.99999572171482 length of t1grid: 120
 loop: 120 time: 0.00158085984142 time step: 0.00001745809819 delta: 0.00000000000007 method: RK54 QK: 0.99999562660071 length of t1grid: 121
 loop: 121 time: 0.00159831793961 time step: 0.00001745809819 delta: 0.00000000000007 method: RK54 QK: 0.99999552947407 length of t1grid: 122
 loop: 122 time: 0.00161577603781 time step: 0.00001763267917 delta: 0.00000000000007 method: RK54 QK: 0.99999543128077 length of t1grid: 123
 loop: 123 time: 0.00163340871698 time step: 0.00001763267917 delta: 0.00000000000007 method: RK54 QK: 0.99999533102282 length of t1grid: 124
 loop: 124 time: 0.00165104139615 time step: 0.00001780900597 delta: 0.00000000000007 method: RK54 QK: 0.99999522967677 length of t1grid: 125
 loop: 125 time: 0.00166885040212 time step: 0.00001780900597 delta: 0.00000000000007 method: RK54 QK: 0.99999512621278 length of t1grid: 126
 loop: 126 time: 0.00168665940809 time step: 0.00001798709603 delta: 0.00000000000007 method: RK54 QK: 0.99999502163884 length of t1grid: 127
 loop: 127 time: 0.00170464650411 time step: 0.00001798709603 delta: 0.00000000000007 method: RK54 QK: 0.99999491489248 length of t1grid: 128
 loop: 128 time: 0.00172263360014 time step: 0.00001816696699 delta: 0.00000000000007 method: RK54 QK: 0.99999480701385 length of t1grid: 129
 loop: 129 time: 0.00174080056712 time step: 0.00001816696699 delta: 0.00000000000007 method: RK54 QK: 0.99999469690713 length of t1grid: 130
 loop: 130 time: 0.00175896753411 time step: 0.00001834863666 delta: 0.00000000000008 method: RK54 QK: 0.99999458564537 length of t1grid: 131
 loop: 131 time: 0.00177731617076 time step: 0.00001834863666 delta: 0.00000000000007 method: RK54 QK: 0.99999447209860 length of t1grid: 132
 loop: 132 time: 0.00179566480742 time step: 0.00001853212302 delta: 0.00000000000007 method: RK54 QK: 0.99999435737359 length of t1grid: 133
 loop: 133 time: 0.00181419693044 time step: 0.00001853212302 delta: 0.00000000000007 method: RK54 QK: 0.99999424030536 length of t1grid: 134
 loop: 134 time: 0.00183272905346 time step: 0.00001871744425 delta: 0.00000000000007 method: RK54 QK: 0.99999412203521 length of t1grid: 135
 loop: 135 time: 0.00185144649771 time step: 0.00001871744425 delta: 0.00000000000007 method: RK54 QK: 0.99999400136236 length of t1grid: 136
 loop: 136 time: 0.00187016394197 time step: 0.00001890461869 delta: 0.00000000000007 method: RK54 QK: 0.99999387946345 length of t1grid: 137
 loop: 137 time: 0.00188906856066 time step: 0.00001890461869 delta: 0.00000000000007 method: RK54 QK: 0.99999375510102 length of t1grid: 138
 loop: 138 time: 0.00190797317936 time step: 0.00001909366488 delta: 0.00000000000007 method: RK54 QK: 0.99999362948789 length of t1grid: 139
 loop: 139 time: 0.00192706684424 time step: 0.00001909366488 delta: 0.00000000000007 method: RK54 QK: 0.99999350134911 length of t1grid: 140
 loop: 140 time: 0.00194616050912 time step: 0.00001928460153 delta: 0.00000000000007 method: RK54 QK: 0.99999337193448 length of t1grid: 141
 loop: 141 time: 0.00196544511065 time step: 0.00001928460153 delta: 0.00000000000008 method: RK54 QK: 0.99999323993067 length of t1grid: 142
 loop: 142 time: 0.00198472971218 time step: 0.00001947744755 delta: 0.00000000000007 method: RK54 QK: 0.99999310662537 length of t1grid: 143
 loop: 143 time: 0.00200420715973 time step: 0.00001947744755 delta: 0.00000000000007 method: RK54 QK: 0.99999297066597 length of t1grid: 144
 loop: 144 time: 0.00202368460727 time step: 0.00001967222202 delta: 0.00000000000007 method: RK54 QK: 0.99999283337893 length of t1grid: 145
 loop: 145 time: 0.00204335682929 time step: 0.00001967222202 delta: 0.00000000000008 method: RK54 QK: 0.99999269337141 length of t1grid: 146
 loop: 146 time: 0.00206302905132 time step: 0.00001986894424 delta: 0.00000000000007 method: RK54 QK: 0.99999255200958 length of t1grid: 147
 loop: 147 time: 0.00208289799556 time step: 0.00001986894424 delta: 0.00000000000007 method: RK54 QK: 0.99999240785945 length of t1grid: 148
 loop: 148 time: 0.00210276693980 time step: 0.00002006763368 delta: 0.00000000000007 method: RK54 QK: 0.99999226232779 length of t1grid: 149
 loop: 149 time: 0.00212283457348 time step: 0.00002006763368 delta: 0.00000000000007 method: RK54 QK: 0.99999211393850 length of t1grid: 150
 loop: 150 time: 0.00214290220717 time step: 0.00002026831002 delta: 0.00000000000007 method: RK54 QK: 0.99999196413992 length of t1grid: 151
 loop: 151 time: 0.00216317051719 time step: 0.00002026831002 delta: 0.00000000000007 method: RK54 QK: 0.99999181141287 length of t1grid: 152
 loop: 152 time: 0.00218343882721 time step: 0.00002047099312 delta: 0.00000000000007 method: RK54 QK: 0.99999165724821 length of t1grid: 153
 loop: 153 time: 0.00220390982033 time step: 0.00002047099312 delta: 0.00000000000007 method: RK54 QK: 0.99999150008266 length of t1grid: 154
 loop: 154 time: 0.00222438081345 time step: 0.00002047099312 delta: 0.00000000000007 method: RK54 QK: 0.99999134145063 length of t1grid: 155
 loop: 155 time: 0.00224485180657 time step: 0.00002067570305 delta: 0.00000000000007 method: RK54 QK: 0.99999118135210 length of t1grid: 156
 loop: 156 time: 0.00226552750962 time step: 0.00002067570305 delta: 0.00000000000008 method: RK54 QK: 0.99999101816404 length of t1grid: 157
 loop: 157 time: 0.00228620321268 time step: 0.00002088246008 delta: 0.00000000000007 method: RK54 QK: 0.99999085348001 length of t1grid: 158
 loop: 158 time: 0.00230708567276 time step: 0.00002088246008 delta: 0.00000000000007 method: RK54 QK: 0.99999068563069 length of t1grid: 159
 loop: 159 time: 0.00232796813284 time step: 0.00002109128468 delta: 0.00000000000007 method: RK54 QK: 0.99999051625534 length of t1grid: 160
 loop: 160 time: 0.00234905941752 time step: 0.00002109128468 delta: 0.00000000000007 method: RK54 QK: 0.99999034363727 length of t1grid: 161
 loop: 161 time: 0.00237015070221 time step: 0.00002130219753 delta: 0.00000000000007 method: RK54 QK: 0.99999016946251 length of t1grid: 162
 loop: 162 time: 0.00239145289974 time step: 0.00002130219753 delta: 0.00000000000007 method: RK54 QK: 0.99998999196590 length of t1grid: 163
 loop: 163 time: 0.00241275509727 time step: 0.00002151521951 delta: 0.00000000000007 method: RK54 QK: 0.99998981288134 length of t1grid: 164
 loop: 164 time: 0.00243427031677 time step: 0.00002151521951 delta: 0.00000000000007 method: RK54 QK: 0.99998963039408 length of t1grid: 165
 loop: 165 time: 0.00245578553628 time step: 0.00002173037170 delta: 0.00000000000007 method: RK54 QK: 0.99998944628695 length of t1grid: 166
 loop: 166 time: 0.00247751590798 time step: 0.00002173037170 delta: 0.00000000000007 method: RK54 QK: 0.99998925869451 length of t1grid: 167
 loop: 167 time: 0.00249924627968 time step: 0.00002194767542 delta: 0.00000000000007 method: RK54 QK: 0.99998906944965 length of t1grid: 168
 loop: 168 time: 0.00252119395510 time step: 0.00002194767542 delta: 0.00000000000007 method: RK54 QK: 0.99998887663507 length of t1grid: 169
 loop: 169 time: 0.00254314163052 time step: 0.00002216715217 delta: 0.00000000000007 method: RK54 QK: 0.99998868213488 length of t1grid: 170
 loop: 170 time: 0.00256530878269 time step: 0.00002216715217 delta: 0.00000000000007 method: RK54 QK: 0.99998848397870 length of t1grid: 171
 loop: 171 time: 0.00258747593486 time step: 0.00002238882369 delta: 0.00000000000007 method: RK54 QK: 0.99998828410303 length of t1grid: 172
 loop: 172 time: 0.00260986475856 time step: 0.00002238882369 delta: 0.00000000000007 method: RK54 QK: 0.99998808048325 length of t1grid: 173
 loop: 173 time: 0.00263225358225 time step: 0.00002261271193 delta: 0.00000000000007 method: RK54 QK: 0.99998787510944 length of t1grid: 174
 loop: 174 time: 0.00265486629418 time step: 0.00002261271193 delta: 0.00000000000007 method: RK54 QK: 0.99998766590146 length of t1grid: 175
 loop: 175 time: 0.00267747900611 time step: 0.00002283883905 delta: 0.00000000000008 method: RK54 QK: 0.99998745490421 length of t1grid: 176
 loop: 176 time: 0.00270031784516 time step: 0.00002283883905 delta: 0.00000000000007 method: RK54 QK: 0.99998723998078 length of t1grid: 177
 loop: 177 time: 0.00272315668421 time step: 0.00002306722744 delta: 0.00000000000007 method: RK54 QK: 0.99998702323212 length of t1grid: 178
 loop: 178 time: 0.00274622391165 time step: 0.00002306722744 delta: 0.00000000000007 method: RK54 QK: 0.99998680246329 length of t1grid: 179
 loop: 179 time: 0.00276929113909 time step: 0.00002329789971 delta: 0.00000000000007 method: RK54 QK: 0.99998657983256 length of t1grid: 180
 loop: 180 time: 0.00279258903881 time step: 0.00002329789971 delta: 0.00000000000007 method: RK54 QK: 0.99998635308560 length of t1grid: 181
 loop: 181 time: 0.00281588693852 time step: 0.00002353087871 delta: 0.00000000000007 method: RK54 QK: 0.99998612443934 length of t1grid: 182
 loop: 182 time: 0.00283941781723 time step: 0.00002353087871 delta: 0.00000000000007 method: RK54 QK: 0.99998589157873 length of t1grid: 183
 loop: 183 time: 0.00286294869594 time step: 0.00002376618750 delta: 0.00000000000007 method: RK54 QK: 0.99998565678064 length of t1grid: 184
 loop: 184 time: 0.00288671488344 time step: 0.00002376618750 delta: 0.00000000000007 method: RK54 QK: 0.99998541766796 length of t1grid: 185
 loop: 185 time: 0.00291048107094 time step: 0.00002400384937 delta: 0.00000000000008 method: RK54 QK: 0.99998517657888 length of t1grid: 186
 loop: 186 time: 0.00293448492032 time step: 0.00002400384937 delta: 0.00000000000007 method: RK54 QK: 0.99998493107278 length of t1grid: 187
 loop: 187 time: 0.00295848876969 time step: 0.00002424388787 delta: 0.00000000000007 method: RK54 QK: 0.99998468355057 length of t1grid: 188
 loop: 188 time: 0.00298273265756 time step: 0.00002424388787 delta: 0.00000000000007 method: RK54 QK: 0.99998443150670 length of t1grid: 189
 loop: 189 time: 0.00300697654543 time step: 0.00002448632675 delta: 0.00000000000007 method: RK54 QK: 0.99998417740623 length of t1grid: 190
 loop: 190 time: 0.00303146287217 time step: 0.00002448632675 delta: 0.00000000000007 method: RK54 QK: 0.99998391867720 length of t1grid: 191
 loop: 191 time: 0.00305594919892 time step: 0.00002473119001 delta: 0.00000000000007 method: RK54 QK: 0.99998365785023 length of t1grid: 192
 loop: 192 time: 0.00308068038893 time step: 0.00002473119001 delta: 0.00000000000007 method: RK54 QK: 0.99998339228551 length of t1grid: 193
 loop: 193 time: 0.00310541157895 time step: 0.00002497850191 delta: 0.00000000000007 method: RK54 QK: 0.99998312458071 length of t1grid: 194
 loop: 194 time: 0.00313039008086 time step: 0.00002497850191 delta: 0.00000000000007 method: RK54 QK: 0.99998285202659 length of t1grid: 195
 loop: 195 time: 0.00315536858278 time step: 0.00002522828693 delta: 0.00000000000007 method: RK54 QK: 0.99998257728940 length of t1grid: 196
 loop: 196 time: 0.00318059686971 time step: 0.00002522828693 delta: 0.00000000000007 method: RK54 QK: 0.99998229758892 length of t1grid: 197
 loop: 197 time: 0.00320582515664 time step: 0.00002548056980 delta: 0.00000000000007 method: RK54 QK: 0.99998201566152 length of t1grid: 198
 loop: 198 time: 0.00323130572644 time step: 0.00002548056980 delta: 0.00000000000007 method: RK54 QK: 0.99998172865440 length of t1grid: 199
 loop: 199 time: 0.00325678629625 time step: 0.00002573537550 delta: 0.00000000000006 method: RK54 QK: 0.99998143937562 length of t1grid: 200
 loop: 200 time: 0.00328252167175 time step: 0.00002573537550 delta: 0.00000000000007 method: RK54 QK: 0.99998114489821 length of t1grid: 201
 loop: 201 time: 0.00330825704725 time step: 0.00002599272926 delta: 0.00000000000007 method: RK54 QK: 0.99998084810350 length of t1grid: 202
 loop: 202 time: 0.00333424977650 time step: 0.00002599272926 delta: 0.00000000000007 method: RK54 QK: 0.99998054598867 length of t1grid: 203
 loop: 203 time: 0.00336024250576 time step: 0.00002625265655 delta: 0.00000000000007 method: RK54 QK: 0.99998024150998 length of t1grid: 204
 loop: 204 time: 0.00338649516231 time step: 0.00002625265655 delta: 0.00000000000007 method: RK54 QK: 0.99997993158710 length of t1grid: 205
 loop: 205 time: 0.00341274781886 time step: 0.00002651518311 delta: 0.00000000000007 method: RK54 QK: 0.99997961925287 length of t1grid: 206
 loop: 206 time: 0.00343926300197 time step: 0.00002651518311 delta: 0.00000000000007 method: RK54 QK: 0.99997930134767 length of t1grid: 207
 loop: 207 time: 0.00346577818508 time step: 0.00002678033494 delta: 0.00000000000007 method: RK54 QK: 0.99997898098270 length of t1grid: 208
 loop: 208 time: 0.00349255852003 time step: 0.00002678033494 delta: 0.00000000000007 method: RK54 QK: 0.99997865491728 length of t1grid: 209
 loop: 209 time: 0.00351933885497 time step: 0.00002704813829 delta: 0.00000000000007 method: RK54 QK: 0.99997832634267 length of t1grid: 210
 loop: 210 time: 0.00354638699327 time step: 0.00002704813829 delta: 0.00000000000007 method: RK54 QK: 0.99997799193538 length of t1grid: 211
 loop: 211 time: 0.00357343513156 time step: 0.00002731861968 delta: 0.00000000000007 method: RK54 QK: 0.99997765496848 length of t1grid: 212
 loop: 212 time: 0.00360075375124 time step: 0.00002731861968 delta: 0.00000000000007 method: RK54 QK: 0.99997731203380 length of t1grid: 213
 loop: 213 time: 0.00362807237091 time step: 0.00002759180587 delta: 0.00000000000007 method: RK54 QK: 0.99997696648811 length of t1grid: 214
 loop: 214 time: 0.00365566417679 time step: 0.00002759180587 delta: 0.00000000000007 method: RK54 QK: 0.99997661483667 length of t1grid: 215
 loop: 215 time: 0.00368325598266 time step: 0.00002786772393 delta: 0.00000000000007 method: RK54 QK: 0.99997626052176 length of t1grid: 216
 loop: 216 time: 0.00371112370660 time step: 0.00002786772393 delta: 0.00000000000007 method: RK54 QK: 0.99997589996017 length of t1grid: 217
 loop: 217 time: 0.00373899143053 time step: 0.00002814640117 delta: 0.00000000000007 method: RK54 QK: 0.99997553668161 length of t1grid: 218
 loop: 218 time: 0.00376713783170 time step: 0.00002814640117 delta: 0.00000000000007 method: RK54 QK: 0.99997516701244 length of t1grid: 219
 loop: 219 time: 0.00379528423287 time step: 0.00002842786518 delta: 0.00000000000007 method: RK54 QK: 0.99997479457172 length of t1grid: 220
 loop: 220 time: 0.00382371209806 time step: 0.00002842786518 delta: 0.00000000000007 method: RK54 QK: 0.99997441559336 length of t1grid: 221
 loop: 221 time: 0.00385213996324 time step: 0.00002871214384 delta: 0.00000000000007 method: RK54 QK: 0.99997403378779 length of t1grid: 222
 loop: 222 time: 0.00388085210708 time step: 0.00002871214384 delta: 0.00000000000007 method: RK54 QK: 0.99997364529442 length of t1grid: 223
 loop: 223 time: 0.00390956425091 time step: 0.00002899926527 delta: 0.00000000000007 method: RK54 QK: 0.99997325391706 length of t1grid: 224
 loop: 224 time: 0.00393856351618 time step: 0.00002899926527 delta: 0.00000000000007 method: RK54 QK: 0.99997285569854 length of t1grid: 225
 loop: 225 time: 0.00396756278146 time step: 0.00002928925793 delta: 0.00000000000007 method: RK54 QK: 0.99997245453810 length of t1grid: 226
 loop: 226 time: 0.00399685203939 time step: 0.00002928925793 delta: 0.00000000000007 method: RK54 QK: 0.99997204637988 length of t1grid: 227
 loop: 227 time: 0.00402614129731 time step: 0.00002958215051 delta: 0.00000000000007 method: RK54 QK: 0.99997163522064 length of t1grid: 228
 loop: 228 time: 0.00405572344782 time step: 0.00002958215051 delta: 0.00000000000007 method: RK54 QK: 0.99997121690365 length of t1grid: 229
 loop: 229 time: 0.00408530559832 time step: 0.00002987797201 delta: 0.00000000000007 method: RK54 QK: 0.99997079552537 length of t1grid: 230
 loop: 230 time: 0.00411518357033 time step: 0.00002987797201 delta: 0.00000000000007 method: RK54 QK: 0.99997036682598 length of t1grid: 231
 loop: 231 time: 0.00414506154235 time step: 0.00003017675173 delta: 0.00000000000007 method: RK54 QK: 0.99996993500381 length of t1grid: 232
 loop: 232 time: 0.00417523829408 time step: 0.00003017675173 delta: 0.00000000000007 method: RK54 QK: 0.99996949569367 length of t1grid: 233
 loop: 233 time: 0.00420541504581 time step: 0.00003047851925 delta: 0.00000000000007 method: RK54 QK: 0.99996905319804 length of t1grid: 234
 loop: 234 time: 0.00423589356506 time step: 0.00003047851925 delta: 0.00000000000007 method: RK54 QK: 0.99996860304405 length of t1grid: 235
 loop: 235 time: 0.00426637208430 time step: 0.00003078330444 delta: 0.00000000000007 method: RK54 QK: 0.99996814964059 length of t1grid: 236
 loop: 236 time: 0.00429715538875 time step: 0.00003078330444 delta: 0.00000000000007 method: RK54 QK: 0.99996768840475 length of t1grid: 237
 loop: 237 time: 0.00432793869319 time step: 0.00003109113749 delta: 0.00000000000007 method: RK54 QK: 0.99996722385418 length of t1grid: 238
 loop: 238 time: 0.00435902983067 time step: 0.00003109113749 delta: 0.00000000000007 method: RK54 QK: 0.99996675129352 length of t1grid: 239
 loop: 239 time: 0.00439012096816 time step: 0.00003140204886 delta: 0.00000000000007 method: RK54 QK: 0.99996627535156 length of t1grid: 240
 loop: 240 time: 0.00442152301702 time step: 0.00003140204886 delta: 0.00000000000007 method: RK54 QK: 0.99996579121802 length of t1grid: 241
 loop: 241 time: 0.00445292506588 time step: 0.00003171606935 delta: 0.00000000000007 method: RK54 QK: 0.99996530363528 length of t1grid: 242
 loop: 242 time: 0.00448464113523 time step: 0.00003171606935 delta: 0.00000000000008 method: RK54 QK: 0.99996480767564 length of t1grid: 243
 loop: 243 time: 0.00451635720457 time step: 0.00003203323004 delta: 0.00000000000008 method: RK54 QK: 0.99996430819752 length of t1grid: 244
 loop: 244 time: 0.00454839043462 time step: 0.00003203323004 delta: 0.00000000000007 method: RK54 QK: 0.99996380015323 length of t1grid: 245
 loop: 245 time: 0.00458042366466 time step: 0.00003235356234 delta: 0.00000000000007 method: RK54 QK: 0.99996328851981 length of t1grid: 246
 loop: 246 time: 0.00461277722700 time step: 0.00003235356234 delta: 0.00000000000007 method: RK54 QK: 0.99996276812696 length of t1grid: 247
 loop: 247 time: 0.00464513078934 time step: 0.00003267709797 delta: 0.00000000000007 method: RK54 QK: 0.99996224407290 length of t1grid: 248
 loop: 248 time: 0.00467780788731 time step: 0.00003267709797 delta: 0.00000000000007 method: RK54 QK: 0.99996171106203 length of t1grid: 249
 loop: 249 time: 0.00471048498528 time step: 0.00003300386895 delta: 0.00000000000007 method: RK54 QK: 0.99996117431645 length of t1grid: 250
 loop: 250 time: 0.00474348885422 time step: 0.00003300386895 delta: 0.00000000000007 method: RK54 QK: 0.99996062841251 length of t1grid: 251
 loop: 251 time: 0.00477649272317 time step: 0.00003333390764 delta: 0.00000000000007 method: RK54 QK: 0.99996007869887 length of t1grid: 252
 loop: 252 time: 0.00480982663080 time step: 0.00003333390764 delta: 0.00000000000007 method: RK54 QK: 0.99995951962107 length of t1grid: 253
 loop: 253 time: 0.00484316053844 time step: 0.00003366724671 delta: 0.00000000000007 method: RK54 QK: 0.99995895665706 length of t1grid: 254
 loop: 254 time: 0.00487682778515 time step: 0.00003366724671 delta: 0.00000000000007 method: RK54 QK: 0.99995838411876 length of t1grid: 255
 loop: 255 time: 0.00491049503186 time step: 0.00003366724671 delta: 0.00000000000007 method: RK54 QK: 0.99995780761621 length of t1grid: 256
 loop: 256 time: 0.00494416227857 time step: 0.00003400391918 delta: 0.00000000000007 method: RK54 QK: 0.99995722714945 length of t1grid: 257
 loop: 257 time: 0.00497816619775 time step: 0.00003400391918 delta: 0.00000000000007 method: RK54 QK: 0.99995663685420 length of t1grid: 258
 loop: 258 time: 0.00501217011693 time step: 0.00003434395837 delta: 0.00000000000007 method: RK54 QK: 0.99995604251516 length of t1grid: 259
 loop: 259 time: 0.00504651407530 time step: 0.00003434395837 delta: 0.00000000000007 method: RK54 QK: 0.99995543812810 length of t1grid: 260
 loop: 260 time: 0.00508085803367 time step: 0.00003468739795 delta: 0.00000000000007 method: RK54 QK: 0.99995482961606 length of t1grid: 261
 loop: 261 time: 0.00511554543163 time step: 0.00003468739795 delta: 0.00000000000007 method: RK54 QK: 0.99995421083187 length of t1grid: 262
 loop: 262 time: 0.00515023282958 time step: 0.00003503427193 delta: 0.00000000000008 method: RK54 QK: 0.99995358783986 length of t1grid: 263
 loop: 263 time: 0.00518526710151 time step: 0.00003503427193 delta: 0.00000000000007 method: RK54 QK: 0.99995295434685 length of t1grid: 264
 loop: 264 time: 0.00522030137345 time step: 0.00003538461465 delta: 0.00000000000007 method: RK54 QK: 0.99995231656154 length of t1grid: 265
 loop: 265 time: 0.00525568598810 time step: 0.00003538461465 delta: 0.00000000000007 method: RK54 QK: 0.99995166804153 length of t1grid: 266
 loop: 266 time: 0.00529107060275 time step: 0.00003573846080 delta: 0.00000000000007 method: RK54 QK: 0.99995101514306 length of t1grid: 267
 loop: 267 time: 0.00532680906355 time step: 0.00003573846080 delta: 0.00000000000007 method: RK54 QK: 0.99995035127130 length of t1grid: 268
 loop: 268 time: 0.00536254752435 time step: 0.00003609584541 delta: 0.00000000000007 method: RK54 QK: 0.99994968293316 length of t1grid: 269
 loop: 269 time: 0.00539864336976 time step: 0.00003609584541 delta: 0.00000000000007 method: RK54 QK: 0.99994900337811 length of t1grid: 270
 loop: 270 time: 0.00543473921517 time step: 0.00003645680386 delta: 0.00000000000007 method: RK54 QK: 0.99994831926702 length of t1grid: 271
 loop: 271 time: 0.00547119601903 time step: 0.00003645680386 delta: 0.00000000000007 method: RK54 QK: 0.99994762369028 length of t1grid: 272
 loop: 272 time: 0.00550765282289 time step: 0.00003682137190 delta: 0.00000000000007 method: RK54 QK: 0.99994692346605 length of t1grid: 273
 loop: 273 time: 0.00554447419479 time step: 0.00003682137190 delta: 0.00000000000007 method: RK54 QK: 0.99994621152219 length of t1grid: 274
 loop: 274 time: 0.00558129556669 time step: 0.00003718958562 delta: 0.00000000000007 method: RK54 QK: 0.99994549483754 length of t1grid: 275
 loop: 275 time: 0.00561848515231 time step: 0.00003718958562 delta: 0.00000000000007 method: RK54 QK: 0.99994476617396 length of t1grid: 276
 loop: 276 time: 0.00565567473793 time step: 0.00003756148148 delta: 0.00000000000007 method: RK54 QK: 0.99994403267443 length of t1grid: 277
 loop: 277 time: 0.00569323621940 time step: 0.00003756148148 delta: 0.00000000000007 method: RK54 QK: 0.99994328693123 length of t1grid: 278
 loop: 278 time: 0.00573079770088 time step: 0.00003793709629 delta: 0.00000000000007 method: RK54 QK: 0.99994253625501 length of t1grid: 279
 loop: 279 time: 0.00576873479717 time step: 0.00003793709629 delta: 0.00000000000008 method: RK54 QK: 0.99994177306482 length of t1grid: 280
 loop: 280 time: 0.00580667189346 time step: 0.00003831646725 delta: 0.00000000000007 method: RK54 QK: 0.99994100484258 length of t1grid: 281
 loop: 281 time: 0.00584498836071 time step: 0.00003831646725 delta: 0.00000000000007 method: RK54 QK: 0.99994022383042 length of t1grid: 282
 loop: 282 time: 0.00588330482797 time step: 0.00003869963193 delta: 0.00000000000007 method: RK54 QK: 0.99993943768521 length of t1grid: 283
 loop: 283 time: 0.00592200445989 time step: 0.00003869963193 delta: 0.00000000000007 method: RK54 QK: 0.99993863846832 length of t1grid: 284
 loop: 284 time: 0.00596070409182 time step: 0.00003908662824 delta: 0.00000000000007 method: RK54 QK: 0.99993783401535 length of t1grid: 285
 loop: 285 time: 0.00599979072006 time step: 0.00003908662824 delta: 0.00000000000007 method: RK54 QK: 0.99993701620306 length of t1grid: 286
 loop: 286 time: 0.00603887734831 time step: 0.00003947749453 delta: 0.00000000000007 method: RK54 QK: 0.99993619304960 length of t1grid: 287
 loop: 287 time: 0.00607835484284 time step: 0.00003947749453 delta: 0.00000000000007 method: RK54 QK: 0.99993535624314 length of t1grid: 288
 loop: 288 time: 0.00611783233736 time step: 0.00003987226947 delta: 0.00000000000007 method: RK54 QK: 0.99993451398832 length of t1grid: 289
 loop: 289 time: 0.00615770460684 time step: 0.00003987226947 delta: 0.00000000000007 method: RK54 QK: 0.99993365778067 length of t1grid: 290
 loop: 290 time: 0.00619757687631 time step: 0.00004027099217 delta: 0.00000000000008 method: RK54 QK: 0.99993279601533 length of t1grid: 291
 loop: 291 time: 0.00623784786848 time step: 0.00004027099217 delta: 0.00000000000007 method: RK54 QK: 0.99993191999107 length of t1grid: 292
 loop: 292 time: 0.00627811886064 time step: 0.00004067370209 delta: 0.00000000000007 method: RK54 QK: 0.99993103829757 length of t1grid: 293
 loop: 293 time: 0.00631879256273 time step: 0.00004067370209 delta: 0.00000000000007 method: RK54 QK: 0.99993014203267 length of t1grid: 294
 loop: 294 time: 0.00635946626482 time step: 0.00004108043911 delta: 0.00000000000007 method: RK54 QK: 0.99992923998477 length of t1grid: 295
 loop: 295 time: 0.00640054670393 time step: 0.00004108043911 delta: 0.00000000000007 method: RK54 QK: 0.99992832304644 length of t1grid: 296
 loop: 296 time: 0.00644162714304 time step: 0.00004149124350 delta: 0.00000000000007 method: RK54 QK: 0.99992740020906 length of t1grid: 297
 loop: 297 time: 0.00648311838654 time step: 0.00004149124350 delta: 0.00000000000007 method: RK54 QK: 0.99992646215557 length of t1grid: 298
 loop: 298 time: 0.00652460963004 time step: 0.00004190615594 delta: 0.00000000000007 method: RK54 QK: 0.99992551808467 length of t1grid: 299
 loop: 299 time: 0.00656651578598 time step: 0.00004190615594 delta: 0.00000000000007 method: RK54 QK: 0.99992455846517 length of t1grid: 300
 loop: 300 time: 0.00660842194191 time step: 0.00004232521750 delta: 0.00000000000007 method: RK54 QK: 0.99992359270750 length of t1grid: 301
Device -> Host vector copy complete.
Device -> Host vector copy complete.
Saved binary data to /nobackups/jlang/Results/p=3_p2=4_lambda=0.50_T0=inf_G=0.00_len=512/data.bin
Saved parameters to /nobackups/jlang/Results/p=3_p2=4_lambda=0.50_T0=inf_G=0.00_len=512/params.txt
Device -> Host vector copy complete.
Saved rvec history to /nobackups/jlang/Results/p=3_p2=4_lambda=0.50_T0=inf_G=0.00_len=512/rvec.txt
Saved energy history to /nobackups/jlang/Results/p=3_p2=4_lambda=0.50_T0=inf_G=0.00_len=512/energy.txt
Saved QK[0] history to /nobackups/jlang/Results/p=3_p2=4_lambda=0.50_T0=inf_G=0.00_len=512/qk0.txt
Successfully saved complete history (301 time points) to /nobackups/jlang/Results/p=3_p2=4_lambda=0.50_T0=inf_G=0.00_len=512
Saved compressed data to /nobackups/jlang/Results/p=3_p2=4_lambda=0.50_T0=inf_G=0.00_len=512/QK_compressed and /nobackups/jlang/Results/p=3_p2=4_lambda=0.50_T0=inf_G=0.00_len=512/QR_compressed
Average wall time: 0.21135763800000 ms
Average wall time: 2.22995906000000 ms
final delta_t: 0.00004232521750
final delta:   0.00000000000007
final loop:    300
final t1grid:  0.00660842194191
final rvec:    0.08259010338682
final drvec:   0.00052354204257
final QKv:     -0.00007640729250
final QRv:     -0.00007640729250
Simulation finished.
Cleared device vectors.
