The system is: Linux - 6.1.0-37-amd64 - x86_64
Compiling the C compiler identification source file "CMakeCCompilerId.c" succeeded.
Compiler: /usr/bin/clang-14 
Build flags: 
Id flags:  

The output was:
0


Compilation of the C compiler identification source "CMakeCCompilerId.c" produced "a.out"

The C compiler identification is Clang, found in "/files/home/part2/jlang/Bookworm/Nextcloud/Spin-glass/Codes/DMFE/build/CMakeFiles/3.25.1/CompilerIdC/a.out"

Compiling the CXX compiler identification source file "CMakeCXXCompilerId.cpp" succeeded.
Compiler: /usr/bin/clang++-14 
Build flags: 
Id flags:  

The output was:
0


Compilation of the CXX compiler identification source "CMakeCXXCompilerId.cpp" produced "a.out"

The CXX compiler identification is Clang, found in "/files/home/part2/jlang/Bookworm/Nextcloud/Spin-glass/Codes/DMFE/build/CMakeFiles/3.25.1/CompilerIdCXX/a.out"

Checking whether the CUDA compiler is NVIDIA using "" matched "nvcc: NVIDIA \(R\) Cuda compiler driver":
nvcc: NVIDIA (R) Cuda compiler driver
Copyright (c) 2005-2022 NVIDIA Corporation
Built on Wed_Sep_21_10:33:58_PDT_2022
Cuda compilation tools, release 11.8, V11.8.89
Build cuda_11.8.r11.8/compiler.31833905_0
Compiling the CUDA compiler identification source file "CMakeCUDACompilerId.cu" succeeded.
Compiler: /usr/bin/nvcc 
Build flags: 
Id flags: --keep;--keep-dir;tmp;-ccbin=clang++-14 -v

The output was:
0
#$ _NVVM_BRANCH_=nvvm
#$ _SPACE_= 
#$ _CUDART_=cudart
#$ _HERE_=/usr/lib/nvidia-cuda-toolkit/bin
#$ _THERE_=/usr/lib/nvidia-cuda-toolkit/bin
#$ _TARGET_SIZE_=
#$ _TARGET_DIR_=
#$ _TARGET_SIZE_=64
#$ NVVMIR_LIBRARY_DIR=/usr/lib/nvidia-cuda-toolkit/libdevice
#$ PATH=/usr/lib/nvidia-cuda-toolkit/bin:/home/jlang/.juliaup/bin:/home/jlang/bin:/vol/thp/bin:/usr/local/bin:/usr/bin:/bin:/usr/local/games:/usr/games
#$ LIBRARIES=  -L/usr/lib/x86_64-linux-gnu/stubs -L/usr/lib/x86_64-linux-gnu
#$ rm tmp/a_dlink.reg.c
#$ clang++-14 -D__CUDA_ARCH__=520 -D__CUDA_ARCH_LIST__=520 -E -x c++  -DCUDA_DOUBLE_MATH_FUNCTIONS -D__CUDACC__ -D__NVCC__   -D__CUDACC_VER_MAJOR__=11 -D__CUDACC_VER_MINOR__=8 -D__CUDACC_VER_BUILD__=89 -D__CUDA_API_VER_MAJOR__=11 -D__CUDA_API_VER_MINOR__=8 -D__NVCC_DIAG_PRAGMA_SUPPORT__=1 -include "cuda_runtime.h" -m64 "CMakeCUDACompilerId.cu" -o "tmp/CMakeCUDACompilerId.cpp1.ii" 
#$ cicc --c++14 --clang --clang_version=140000 --display_error_number --orig_src_file_name "CMakeCUDACompilerId.cu" --orig_src_path_name "/files/home/part2/jlang/Bookworm/Nextcloud/Spin-glass/Codes/DMFE/build/CMakeFiles/3.25.1/CompilerIdCUDA/CMakeCUDACompilerId.cu" --unicode_source_kind=UTF-8 --allow_managed  -arch compute_52 -m64 --no-version-ident -ftz=0 -prec_div=1 -prec_sqrt=1 -fmad=1 --include_file_name "CMakeCUDACompilerId.fatbin.c" -tused --gen_module_id_file --module_id_file_name "tmp/CMakeCUDACompilerId.module_id" --gen_c_file_name "tmp/CMakeCUDACompilerId.cudafe1.c" --stub_file_name "tmp/CMakeCUDACompilerId.cudafe1.stub.c" --gen_device_file_name "tmp/CMakeCUDACompilerId.cudafe1.gpu"  "tmp/CMakeCUDACompilerId.cpp1.ii" -o "tmp/CMakeCUDACompilerId.ptx"
#$ ptxas -arch=sm_52 -m64 "tmp/CMakeCUDACompilerId.ptx"  -o "tmp/CMakeCUDACompilerId.sm_52.cubin" 
#$ fatbinary --create="tmp/CMakeCUDACompilerId.fatbin" -64 --cicc-cmdline="-ftz=0 -prec_div=1 -prec_sqrt=1 -fmad=1 " "--image3=kind=elf,sm=52,file=tmp/CMakeCUDACompilerId.sm_52.cubin" "--image3=kind=ptx,sm=52,file=tmp/CMakeCUDACompilerId.ptx" --embedded-fatbin="tmp/CMakeCUDACompilerId.fatbin.c" 
#$ clang++-14 -D__CUDA_ARCH_LIST__=520 -E -x c++ -D__CUDACC__ -D__NVCC__   -D__CUDACC_VER_MAJOR__=11 -D__CUDACC_VER_MINOR__=8 -D__CUDACC_VER_BUILD__=89 -D__CUDA_API_VER_MAJOR__=11 -D__CUDA_API_VER_MINOR__=8 -D__NVCC_DIAG_PRAGMA_SUPPORT__=1 -include "cuda_runtime.h" -m64 "CMakeCUDACompilerId.cu" -o "tmp/CMakeCUDACompilerId.cpp4.ii" 
#$ cudafe++ --c++14 --clang --clang_version=140000 --display_error_number --orig_src_file_name "CMakeCUDACompilerId.cu" --orig_src_path_name "/files/home/part2/jlang/Bookworm/Nextcloud/Spin-glass/Codes/DMFE/build/CMakeFiles/3.25.1/CompilerIdCUDA/CMakeCUDACompilerId.cu" --unicode_source_kind=UTF-8 --allow_managed --m64 --parse_templates --gen_c_file_name "tmp/CMakeCUDACompilerId.cudafe1.cpp" --stub_file_name "CMakeCUDACompilerId.cudafe1.stub.c" --module_id_file_name "tmp/CMakeCUDACompilerId.module_id" "tmp/CMakeCUDACompilerId.cpp4.ii" 
#$ clang++-14 -D__CUDA_ARCH__=520 -D__CUDA_ARCH_LIST__=520 -c -x c++  -DCUDA_DOUBLE_MATH_FUNCTIONS -m64 "tmp/CMakeCUDACompilerId.cudafe1.cpp" -o "tmp/CMakeCUDACompilerId.o" 
#$ nvlink -m64 --arch=sm_52 --register-link-binaries="tmp/a_dlink.reg.c"    -L/usr/lib/x86_64-linux-gnu/stubs -L/usr/lib/x86_64-linux-gnu -cpu-arch=X86_64 "tmp/CMakeCUDACompilerId.o"  -lcudadevrt  -o "tmp/a_dlink.sm_52.cubin" --host-ccbin "clang++-14"
#$ fatbinary --create="tmp/a_dlink.fatbin" -64 --cicc-cmdline="-ftz=0 -prec_div=1 -prec_sqrt=1 -fmad=1 " -link "--image3=kind=elf,sm=52,file=tmp/a_dlink.sm_52.cubin" --embedded-fatbin="tmp/a_dlink.fatbin.c" 
#$ clang++-14 -D__CUDA_ARCH_LIST__=520 -c -x c++ -DFATBINFILE="\"tmp/a_dlink.fatbin.c\"" -DREGISTERLINKBINARYFILE="\"tmp/a_dlink.reg.c\"" -I. -D__NV_EXTRA_INITIALIZATION= -D__NV_EXTRA_FINALIZATION= -D__CUDA_INCLUDE_COMPILER_INTERNAL_HEADERS__   -D__CUDACC_VER_MAJOR__=11 -D__CUDACC_VER_MINOR__=8 -D__CUDACC_VER_BUILD__=89 -D__CUDA_API_VER_MAJOR__=11 -D__CUDA_API_VER_MINOR__=8 -D__NVCC_DIAG_PRAGMA_SUPPORT__=1 -m64 "/usr/lib/nvidia-cuda-toolkit/bin/crt/link.stub" -o "tmp/a_dlink.o" 
#$ clang++-14 -D__CUDA_ARCH_LIST__=520 -m64 -Wl,--start-group "tmp/a_dlink.o" "tmp/CMakeCUDACompilerId.o"   -L/usr/lib/x86_64-linux-gnu/stubs -L/usr/lib/x86_64-linux-gnu  -lcudadevrt  -lcudart_static  -lrt -lpthread  -ldl  -Wl,--end-group -o "a.out" 


Compilation of the CUDA compiler identification source "CMakeCUDACompilerId.cu" produced "a.out"

The CUDA compiler identification is NVIDIA, found in "/files/home/part2/jlang/Bookworm/Nextcloud/Spin-glass/Codes/DMFE/build/CMakeFiles/3.25.1/CompilerIdCUDA/a.out"

Parsed CUDA nvcc implicit link information from above output:
  found 'PATH=' string: [/usr/lib/nvidia-cuda-toolkit/bin:/home/jlang/.juliaup/bin:/home/jlang/bin:/vol/thp/bin:/usr/local/bin:/usr/bin:/bin:/usr/local/games:/usr/games]
  found 'LIBRARIES=' string: [-L/usr/lib/x86_64-linux-gnu/stubs -L/usr/lib/x86_64-linux-gnu]
  considering line: [#$ rm tmp/a_dlink.reg.c]
  considering line: [clang++-14 -D__CUDA_ARCH__=520 -D__CUDA_ARCH_LIST__=520 -E -x c++  -DCUDA_DOUBLE_MATH_FUNCTIONS -D__CUDACC__ -D__NVCC__   -D__CUDACC_VER_MAJOR__=11 -D__CUDACC_VER_MINOR__=8 -D__CUDACC_VER_BUILD__=89 -D__CUDA_API_VER_MAJOR__=11 -D__CUDA_API_VER_MINOR__=8 -D__NVCC_DIAG_PRAGMA_SUPPORT__=1 -include "cuda_runtime.h" -m64 "CMakeCUDACompilerId.cu" -o "tmp/CMakeCUDACompilerId.cpp1.ii" ]
  considering line: [cicc --c++14 --clang --clang_version=140000 --display_error_number --orig_src_file_name "CMakeCUDACompilerId.cu" --orig_src_path_name "/files/home/part2/jlang/Bookworm/Nextcloud/Spin-glass/Codes/DMFE/build/CMakeFiles/3.25.1/CompilerIdCUDA/CMakeCUDACompilerId.cu" --unicode_source_kind=UTF-8 --allow_managed  -arch compute_52 -m64 --no-version-ident -ftz=0 -prec_div=1 -prec_sqrt=1 -fmad=1 --include_file_name "CMakeCUDACompilerId.fatbin.c" -tused --gen_module_id_file --module_id_file_name "tmp/CMakeCUDACompilerId.module_id" --gen_c_file_name "tmp/CMakeCUDACompilerId.cudafe1.c" --stub_file_name "tmp/CMakeCUDACompilerId.cudafe1.stub.c" --gen_device_file_name "tmp/CMakeCUDACompilerId.cudafe1.gpu"  "tmp/CMakeCUDACompilerId.cpp1.ii" -o "tmp/CMakeCUDACompilerId.ptx"]
  considering line: [ptxas -arch=sm_52 -m64 "tmp/CMakeCUDACompilerId.ptx"  -o "tmp/CMakeCUDACompilerId.sm_52.cubin" ]
  considering line: [fatbinary --create="tmp/CMakeCUDACompilerId.fatbin" -64 --cicc-cmdline="-ftz=0 -prec_div=1 -prec_sqrt=1 -fmad=1 " "--image3=kind=elf,sm=52,file=tmp/CMakeCUDACompilerId.sm_52.cubin" "--image3=kind=ptx,sm=52,file=tmp/CMakeCUDACompilerId.ptx" --embedded-fatbin="tmp/CMakeCUDACompilerId.fatbin.c" ]
  considering line: [clang++-14 -D__CUDA_ARCH_LIST__=520 -E -x c++ -D__CUDACC__ -D__NVCC__   -D__CUDACC_VER_MAJOR__=11 -D__CUDACC_VER_MINOR__=8 -D__CUDACC_VER_BUILD__=89 -D__CUDA_API_VER_MAJOR__=11 -D__CUDA_API_VER_MINOR__=8 -D__NVCC_DIAG_PRAGMA_SUPPORT__=1 -include "cuda_runtime.h" -m64 "CMakeCUDACompilerId.cu" -o "tmp/CMakeCUDACompilerId.cpp4.ii" ]
  considering line: [cudafe++ --c++14 --clang --clang_version=140000 --display_error_number --orig_src_file_name "CMakeCUDACompilerId.cu" --orig_src_path_name "/files/home/part2/jlang/Bookworm/Nextcloud/Spin-glass/Codes/DMFE/build/CMakeFiles/3.25.1/CompilerIdCUDA/CMakeCUDACompilerId.cu" --unicode_source_kind=UTF-8 --allow_managed --m64 --parse_templates --gen_c_file_name "tmp/CMakeCUDACompilerId.cudafe1.cpp" --stub_file_name "CMakeCUDACompilerId.cudafe1.stub.c" --module_id_file_name "tmp/CMakeCUDACompilerId.module_id" "tmp/CMakeCUDACompilerId.cpp4.ii" ]
  considering line: [clang++-14 -D__CUDA_ARCH__=520 -D__CUDA_ARCH_LIST__=520 -c -x c++  -DCUDA_DOUBLE_MATH_FUNCTIONS -m64 "tmp/CMakeCUDACompilerId.cudafe1.cpp" -o "tmp/CMakeCUDACompilerId.o" ]
  considering line: [nvlink -m64 --arch=sm_52 --register-link-binaries="tmp/a_dlink.reg.c"    -L/usr/lib/x86_64-linux-gnu/stubs -L/usr/lib/x86_64-linux-gnu -cpu-arch=X86_64 "tmp/CMakeCUDACompilerId.o"  -lcudadevrt  -o "tmp/a_dlink.sm_52.cubin" --host-ccbin "clang++-14"]
    ignoring nvlink line
  considering line: [fatbinary --create="tmp/a_dlink.fatbin" -64 --cicc-cmdline="-ftz=0 -prec_div=1 -prec_sqrt=1 -fmad=1 " -link "--image3=kind=elf,sm=52,file=tmp/a_dlink.sm_52.cubin" --embedded-fatbin="tmp/a_dlink.fatbin.c" ]
  considering line: [clang++-14 -D__CUDA_ARCH_LIST__=520 -c -x c++ -DFATBINFILE="\"tmp/a_dlink.fatbin.c\"" -DREGISTERLINKBINARYFILE="\"tmp/a_dlink.reg.c\"" -I. -D__NV_EXTRA_INITIALIZATION= -D__NV_EXTRA_FINALIZATION= -D__CUDA_INCLUDE_COMPILER_INTERNAL_HEADERS__   -D__CUDACC_VER_MAJOR__=11 -D__CUDACC_VER_MINOR__=8 -D__CUDACC_VER_BUILD__=89 -D__CUDA_API_VER_MAJOR__=11 -D__CUDA_API_VER_MINOR__=8 -D__NVCC_DIAG_PRAGMA_SUPPORT__=1 -m64 "/usr/lib/nvidia-cuda-toolkit/bin/crt/link.stub" -o "tmp/a_dlink.o" ]
  considering line: [clang++-14 -D__CUDA_ARCH_LIST__=520 -m64 -Wl,--start-group "tmp/a_dlink.o" "tmp/CMakeCUDACompilerId.o"   -L/usr/lib/x86_64-linux-gnu/stubs -L/usr/lib/x86_64-linux-gnu  -lcudadevrt  -lcudart_static  -lrt -lpthread  -ldl  -Wl,--end-group -o "a.out" ]
    extracted link line: [clang++-14 -D__CUDA_ARCH_LIST__=520 -m64 -Wl,--start-group "tmp/a_dlink.o" "tmp/CMakeCUDACompilerId.o"   -L/usr/lib/x86_64-linux-gnu/stubs -L/usr/lib/x86_64-linux-gnu  -lcudadevrt  -lcudart_static  -lrt -lpthread  -ldl  -Wl,--end-group -o "a.out" ]
  considering line: []
  extracted link launcher name: [clang++-14]
  found link launcher absolute path: [/usr/bin/clang++-14]

  link line regex: [^( *|.*[/\])(ld|CMAKE_LINK_STARTFILE-NOTFOUND|([^/\]+-)?ld|collect2)[^/\]*( |$)]
  link line: [cuda-fake-ld clang++-14 -D__CUDA_ARCH_LIST__=520 -m64 -Wl,--start-group "tmp/a_dlink.o" "tmp/CMakeCUDACompilerId.o"   -L/usr/lib/x86_64-linux-gnu/stubs -L/usr/lib/x86_64-linux-gnu  -lcudadevrt  -lcudart_static  -lrt -lpthread  -ldl  -Wl,--end-group -o "a.out" ]
    arg [cuda-fake-ld] ==> ignore
    arg [clang++-14] ==> ignore
    arg [-D__CUDA_ARCH_LIST__=520] ==> ignore
    arg [-m64] ==> ignore
    arg [-Wl,--start-group] ==> ignore
    arg [tmp/a_dlink.o] ==> ignore
    arg [tmp/CMakeCUDACompilerId.o] ==> ignore
    arg [-L/usr/lib/x86_64-linux-gnu/stubs] ==> dir [/usr/lib/x86_64-linux-gnu/stubs]
    arg [-L/usr/lib/x86_64-linux-gnu] ==> dir [/usr/lib/x86_64-linux-gnu]
    arg [-lcudadevrt] ==> lib [cudadevrt]
    arg [-lcudart_static] ==> lib [cudart_static]
    arg [-lrt] ==> lib [rt]
    arg [-lpthread] ==> lib [pthread]
    arg [-ldl] ==> lib [dl]
    arg [-Wl,--end-group] ==> ignore
    arg [-o] ==> ignore
    arg [a.out] ==> ignore
  collapse library dir [/usr/lib/x86_64-linux-gnu/stubs] ==> [/usr/lib/x86_64-linux-gnu/stubs]
  collapse library dir [/usr/lib/x86_64-linux-gnu] ==> [/usr/lib/x86_64-linux-gnu]
  implicit libs: [cudadevrt;cudart_static;rt;pthread;dl]
  implicit objs: []
  implicit dirs: [/usr/lib/x86_64-linux-gnu/stubs;/usr/lib/x86_64-linux-gnu]
  implicit fwks: []


Failed to detect CUDA nvcc include information:
  found 'PATH=' string: [/usr/lib/nvidia-cuda-toolkit/bin:/home/jlang/.juliaup/bin:/home/jlang/bin:/vol/thp/bin:/usr/local/bin:/usr/bin:/bin:/usr/local/games:/usr/games]
  found 'LIBRARIES=' string: [-L/usr/lib/x86_64-linux-gnu/stubs -L/usr/lib/x86_64-linux-gnu]
  considering line: [#$ rm tmp/a_dlink.reg.c]
  considering line: [clang++-14 -D__CUDA_ARCH__=520 -D__CUDA_ARCH_LIST__=520 -E -x c++  -DCUDA_DOUBLE_MATH_FUNCTIONS -D__CUDACC__ -D__NVCC__   -D__CUDACC_VER_MAJOR__=11 -D__CUDACC_VER_MINOR__=8 -D__CUDACC_VER_BUILD__=89 -D__CUDA_API_VER_MAJOR__=11 -D__CUDA_API_VER_MINOR__=8 -D__NVCC_DIAG_PRAGMA_SUPPORT__=1 -include "cuda_runtime.h" -m64 "CMakeCUDACompilerId.cu" -o "tmp/CMakeCUDACompilerId.cpp1.ii" ]
  considering line: [cicc --c++14 --clang --clang_version=140000 --display_error_number --orig_src_file_name "CMakeCUDACompilerId.cu" --orig_src_path_name "/files/home/part2/jlang/Bookworm/Nextcloud/Spin-glass/Codes/DMFE/build/CMakeFiles/3.25.1/CompilerIdCUDA/CMakeCUDACompilerId.cu" --unicode_source_kind=UTF-8 --allow_managed  -arch compute_52 -m64 --no-version-ident -ftz=0 -prec_div=1 -prec_sqrt=1 -fmad=1 --include_file_name "CMakeCUDACompilerId.fatbin.c" -tused --gen_module_id_file --module_id_file_name "tmp/CMakeCUDACompilerId.module_id" --gen_c_file_name "tmp/CMakeCUDACompilerId.cudafe1.c" --stub_file_name "tmp/CMakeCUDACompilerId.cudafe1.stub.c" --gen_device_file_name "tmp/CMakeCUDACompilerId.cudafe1.gpu"  "tmp/CMakeCUDACompilerId.cpp1.ii" -o "tmp/CMakeCUDACompilerId.ptx"]
  considering line: [ptxas -arch=sm_52 -m64 "tmp/CMakeCUDACompilerId.ptx"  -o "tmp/CMakeCUDACompilerId.sm_52.cubin" ]
  considering line: [fatbinary --create="tmp/CMakeCUDACompilerId.fatbin" -64 --cicc-cmdline="-ftz=0 -prec_div=1 -prec_sqrt=1 -fmad=1 " "--image3=kind=elf,sm=52,file=tmp/CMakeCUDACompilerId.sm_52.cubin" "--image3=kind=ptx,sm=52,file=tmp/CMakeCUDACompilerId.ptx" --embedded-fatbin="tmp/CMakeCUDACompilerId.fatbin.c" ]
  considering line: [clang++-14 -D__CUDA_ARCH_LIST__=520 -E -x c++ -D__CUDACC__ -D__NVCC__   -D__CUDACC_VER_MAJOR__=11 -D__CUDACC_VER_MINOR__=8 -D__CUDACC_VER_BUILD__=89 -D__CUDA_API_VER_MAJOR__=11 -D__CUDA_API_VER_MINOR__=8 -D__NVCC_DIAG_PRAGMA_SUPPORT__=1 -include "cuda_runtime.h" -m64 "CMakeCUDACompilerId.cu" -o "tmp/CMakeCUDACompilerId.cpp4.ii" ]
  considering line: [cudafe++ --c++14 --clang --clang_version=140000 --display_error_number --orig_src_file_name "CMakeCUDACompilerId.cu" --orig_src_path_name "/files/home/part2/jlang/Bookworm/Nextcloud/Spin-glass/Codes/DMFE/build/CMakeFiles/3.25.1/CompilerIdCUDA/CMakeCUDACompilerId.cu" --unicode_source_kind=UTF-8 --allow_managed --m64 --parse_templates --gen_c_file_name "tmp/CMakeCUDACompilerId.cudafe1.cpp" --stub_file_name "CMakeCUDACompilerId.cudafe1.stub.c" --module_id_file_name "tmp/CMakeCUDACompilerId.module_id" "tmp/CMakeCUDACompilerId.cpp4.ii" ]
  considering line: [clang++-14 -D__CUDA_ARCH__=520 -D__CUDA_ARCH_LIST__=520 -c -x c++  -DCUDA_DOUBLE_MATH_FUNCTIONS -m64 "tmp/CMakeCUDACompilerId.cudafe1.cpp" -o "tmp/CMakeCUDACompilerId.o" ]
  considering line: [nvlink -m64 --arch=sm_52 --register-link-binaries="tmp/a_dlink.reg.c"    -L/usr/lib/x86_64-linux-gnu/stubs -L/usr/lib/x86_64-linux-gnu -cpu-arch=X86_64 "tmp/CMakeCUDACompilerId.o"  -lcudadevrt  -o "tmp/a_dlink.sm_52.cubin" --host-ccbin "clang++-14"]
    ignoring nvlink line
  considering line: [fatbinary --create="tmp/a_dlink.fatbin" -64 --cicc-cmdline="-ftz=0 -prec_div=1 -prec_sqrt=1 -fmad=1 " -link "--image3=kind=elf,sm=52,file=tmp/a_dlink.sm_52.cubin" --embedded-fatbin="tmp/a_dlink.fatbin.c" ]
  considering line: [clang++-14 -D__CUDA_ARCH_LIST__=520 -c -x c++ -DFATBINFILE="\"tmp/a_dlink.fatbin.c\"" -DREGISTERLINKBINARYFILE="\"tmp/a_dlink.reg.c\"" -I. -D__NV_EXTRA_INITIALIZATION= -D__NV_EXTRA_FINALIZATION= -D__CUDA_INCLUDE_COMPILER_INTERNAL_HEADERS__   -D__CUDACC_VER_MAJOR__=11 -D__CUDACC_VER_MINOR__=8 -D__CUDACC_VER_BUILD__=89 -D__CUDA_API_VER_MAJOR__=11 -D__CUDA_API_VER_MINOR__=8 -D__NVCC_DIAG_PRAGMA_SUPPORT__=1 -m64 "/usr/lib/nvidia-cuda-toolkit/bin/crt/link.stub" -o "tmp/a_dlink.o" ]
  considering line: [clang++-14 -D__CUDA_ARCH_LIST__=520 -m64 -Wl,--start-group "tmp/a_dlink.o" "tmp/CMakeCUDACompilerId.o"   -L/usr/lib/x86_64-linux-gnu/stubs -L/usr/lib/x86_64-linux-gnu  -lcudadevrt  -lcudart_static  -lrt -lpthread  -ldl  -Wl,--end-group -o "a.out" ]
    extracted link line: [clang++-14 -D__CUDA_ARCH_LIST__=520 -m64 -Wl,--start-group "tmp/a_dlink.o" "tmp/CMakeCUDACompilerId.o"   -L/usr/lib/x86_64-linux-gnu/stubs -L/usr/lib/x86_64-linux-gnu  -lcudadevrt  -lcudart_static  -lrt -lpthread  -ldl  -Wl,--end-group -o "a.out" ]
  considering line: []
  extracted link launcher name: [clang++-14]
  found link launcher absolute path: [/usr/bin/clang++-14]
  no 'INCLUDES=' string found in nvcc output:
    #$ _NVVM_BRANCH_=nvvm
    #$ _SPACE_= 
    #$ _CUDART_=cudart
    #$ _HERE_=/usr/lib/nvidia-cuda-toolkit/bin
    #$ _THERE_=/usr/lib/nvidia-cuda-toolkit/bin
    #$ _TARGET_SIZE_=
    #$ _TARGET_DIR_=
    #$ _TARGET_SIZE_=64
    #$ NVVMIR_LIBRARY_DIR=/usr/lib/nvidia-cuda-toolkit/libdevice
    #$ PATH=/usr/lib/nvidia-cuda-toolkit/bin:/home/jlang/.juliaup/bin:/home/jlang/bin:/vol/thp/bin:/usr/local/bin:/usr/bin:/bin:/usr/local/games:/usr/games
    #$ LIBRARIES=  -L/usr/lib/x86_64-linux-gnu/stubs -L/usr/lib/x86_64-linux-gnu
    #$ rm tmp/a_dlink.reg.c
    #$ clang++-14 -D__CUDA_ARCH__=520 -D__CUDA_ARCH_LIST__=520 -E -x c++  -DCUDA_DOUBLE_MATH_FUNCTIONS -D__CUDACC__ -D__NVCC__   -D__CUDACC_VER_MAJOR__=11 -D__CUDACC_VER_MINOR__=8 -D__CUDACC_VER_BUILD__=89 -D__CUDA_API_VER_MAJOR__=11 -D__CUDA_API_VER_MINOR__=8 -D__NVCC_DIAG_PRAGMA_SUPPORT__=1 -include "cuda_runtime.h" -m64 "CMakeCUDACompilerId.cu" -o "tmp/CMakeCUDACompilerId.cpp1.ii" 
    #$ cicc --c++14 --clang --clang_version=140000 --display_error_number --orig_src_file_name "CMakeCUDACompilerId.cu" --orig_src_path_name "/files/home/part2/jlang/Bookworm/Nextcloud/Spin-glass/Codes/DMFE/build/CMakeFiles/3.25.1/CompilerIdCUDA/CMakeCUDACompilerId.cu" --unicode_source_kind=UTF-8 --allow_managed  -arch compute_52 -m64 --no-version-ident -ftz=0 -prec_div=1 -prec_sqrt=1 -fmad=1 --include_file_name "CMakeCUDACompilerId.fatbin.c" -tused --gen_module_id_file --module_id_file_name "tmp/CMakeCUDACompilerId.module_id" --gen_c_file_name "tmp/CMakeCUDACompilerId.cudafe1.c" --stub_file_name "tmp/CMakeCUDACompilerId.cudafe1.stub.c" --gen_device_file_name "tmp/CMakeCUDACompilerId.cudafe1.gpu"  "tmp/CMakeCUDACompilerId.cpp1.ii" -o "tmp/CMakeCUDACompilerId.ptx"
    #$ ptxas -arch=sm_52 -m64 "tmp/CMakeCUDACompilerId.ptx"  -o "tmp/CMakeCUDACompilerId.sm_52.cubin" 
    #$ fatbinary --create="tmp/CMakeCUDACompilerId.fatbin" -64 --cicc-cmdline="-ftz=0 -prec_div=1 -prec_sqrt=1 -fmad=1 " "--image3=kind=elf,sm=52,file=tmp/CMakeCUDACompilerId.sm_52.cubin" "--image3=kind=ptx,sm=52,file=tmp/CMakeCUDACompilerId.ptx" --embedded-fatbin="tmp/CMakeCUDACompilerId.fatbin.c" 
    #$ clang++-14 -D__CUDA_ARCH_LIST__=520 -E -x c++ -D__CUDACC__ -D__NVCC__   -D__CUDACC_VER_MAJOR__=11 -D__CUDACC_VER_MINOR__=8 -D__CUDACC_VER_BUILD__=89 -D__CUDA_API_VER_MAJOR__=11 -D__CUDA_API_VER_MINOR__=8 -D__NVCC_DIAG_PRAGMA_SUPPORT__=1 -include "cuda_runtime.h" -m64 "CMakeCUDACompilerId.cu" -o "tmp/CMakeCUDACompilerId.cpp4.ii" 
    #$ cudafe++ --c++14 --clang --clang_version=140000 --display_error_number --orig_src_file_name "CMakeCUDACompilerId.cu" --orig_src_path_name "/files/home/part2/jlang/Bookworm/Nextcloud/Spin-glass/Codes/DMFE/build/CMakeFiles/3.25.1/CompilerIdCUDA/CMakeCUDACompilerId.cu" --unicode_source_kind=UTF-8 --allow_managed --m64 --parse_templates --gen_c_file_name "tmp/CMakeCUDACompilerId.cudafe1.cpp" --stub_file_name "CMakeCUDACompilerId.cudafe1.stub.c" --module_id_file_name "tmp/CMakeCUDACompilerId.module_id" "tmp/CMakeCUDACompilerId.cpp4.ii" 
    #$ clang++-14 -D__CUDA_ARCH__=520 -D__CUDA_ARCH_LIST__=520 -c -x c++  -DCUDA_DOUBLE_MATH_FUNCTIONS -m64 "tmp/CMakeCUDACompilerId.cudafe1.cpp" -o "tmp/CMakeCUDACompilerId.o" 
    #$ nvlink -m64 --arch=sm_52 --register-link-binaries="tmp/a_dlink.reg.c"    -L/usr/lib/x86_64-linux-gnu/stubs -L/usr/lib/x86_64-linux-gnu -cpu-arch=X86_64 "tmp/CMakeCUDACompilerId.o"  -lcudadevrt  -o "tmp/a_dlink.sm_52.cubin" --host-ccbin "clang++-14"
    #$ fatbinary --create="tmp/a_dlink.fatbin" -64 --cicc-cmdline="-ftz=0 -prec_div=1 -prec_sqrt=1 -fmad=1 " -link "--image3=kind=elf,sm=52,file=tmp/a_dlink.sm_52.cubin" --embedded-fatbin="tmp/a_dlink.fatbin.c" 
    #$ clang++-14 -D__CUDA_ARCH_LIST__=520 -c -x c++ -DFATBINFILE="\"tmp/a_dlink.fatbin.c\"" -DREGISTERLINKBINARYFILE="\"tmp/a_dlink.reg.c\"" -I. -D__NV_EXTRA_INITIALIZATION= -D__NV_EXTRA_FINALIZATION= -D__CUDA_INCLUDE_COMPILER_INTERNAL_HEADERS__   -D__CUDACC_VER_MAJOR__=11 -D__CUDACC_VER_MINOR__=8 -D__CUDACC_VER_BUILD__=89 -D__CUDA_API_VER_MAJOR__=11 -D__CUDA_API_VER_MINOR__=8 -D__NVCC_DIAG_PRAGMA_SUPPORT__=1 -m64 "/usr/lib/nvidia-cuda-toolkit/bin/crt/link.stub" -o "tmp/a_dlink.o" 
    #$ clang++-14 -D__CUDA_ARCH_LIST__=520 -m64 -Wl,--start-group "tmp/a_dlink.o" "tmp/CMakeCUDACompilerId.o"   -L/usr/lib/x86_64-linux-gnu/stubs -L/usr/lib/x86_64-linux-gnu  -lcudadevrt  -lcudart_static  -lrt -lpthread  -ldl  -Wl,--end-group -o "a.out" 
    


Detecting C compiler ABI info compiled with the following output:
Change Dir: /files/home/part2/jlang/Bookworm/Nextcloud/Spin-glass/Codes/DMFE/build/CMakeFiles/CMakeScratch/TryCompile-tmqIzf

Run Build Command(s):/usr/bin/gmake -f Makefile cmTC_921e6/fast && /usr/bin/gmake  -f CMakeFiles/cmTC_921e6.dir/build.make CMakeFiles/cmTC_921e6.dir/build
gmake[1]: Entering directory '/files/home/part2/jlang/Bookworm/Nextcloud/Spin-glass/Codes/DMFE/build/CMakeFiles/CMakeScratch/TryCompile-tmqIzf'
Building C object CMakeFiles/cmTC_921e6.dir/CMakeCCompilerABI.c.o
/usr/bin/clang-14   -v -MD -MT CMakeFiles/cmTC_921e6.dir/CMakeCCompilerABI.c.o -MF CMakeFiles/cmTC_921e6.dir/CMakeCCompilerABI.c.o.d -o CMakeFiles/cmTC_921e6.dir/CMakeCCompilerABI.c.o -c /usr/share/cmake-3.25/Modules/CMakeCCompilerABI.c
Debian clang version 14.0.6
Target: x86_64-pc-linux-gnu
Thread model: posix
InstalledDir: /usr/bin
Found candidate GCC installation: /usr/bin/../lib/gcc/x86_64-linux-gnu/12
Selected GCC installation: /usr/bin/../lib/gcc/x86_64-linux-gnu/12
Candidate multilib: .;@m64
Selected multilib: .;@m64
Found CUDA installation: /usr/lib/cuda, version 
 (in-process)
 "/usr/lib/llvm-14/bin/clang" -cc1 -triple x86_64-pc-linux-gnu -emit-obj -mrelax-all --mrelax-relocations -disable-free -clear-ast-before-backend -disable-llvm-verifier -discard-value-names -main-file-name CMakeCCompilerABI.c -mrelocation-model pic -pic-level 2 -pic-is-pie -mframe-pointer=all -fmath-errno -ffp-contract=on -fno-rounding-math -mconstructor-aliases -funwind-tables=2 -target-cpu x86-64 -tune-cpu generic -mllvm -treat-scalable-fixed-error-as-warning -debugger-tuning=gdb -v -fcoverage-compilation-dir=/files/home/part2/jlang/Bookworm/Nextcloud/Spin-glass/Codes/DMFE/build/CMakeFiles/CMakeScratch/TryCompile-tmqIzf -resource-dir /usr/lib/llvm-14/lib/clang/14.0.6 -dependency-file CMakeFiles/cmTC_921e6.dir/CMakeCCompilerABI.c.o.d -MT CMakeFiles/cmTC_921e6.dir/CMakeCCompilerABI.c.o -sys-header-deps -internal-isystem /usr/lib/llvm-14/lib/clang/14.0.6/include -internal-isystem /usr/local/include -internal-isystem /usr/bin/../lib/gcc/x86_64-linux-gnu/12/../../../../x86_64-linux-gnu/include -internal-externc-isystem /usr/include/x86_64-linux-gnu -internal-externc-isystem /include -internal-externc-isystem /usr/include -fdebug-compilation-dir=/files/home/part2/jlang/Bookworm/Nextcloud/Spin-glass/Codes/DMFE/build/CMakeFiles/CMakeScratch/TryCompile-tmqIzf -ferror-limit 19 -fgnuc-version=4.2.1 -faddrsig -D__GCC_HAVE_DWARF2_CFI_ASM=1 -o CMakeFiles/cmTC_921e6.dir/CMakeCCompilerABI.c.o -x c /usr/share/cmake-3.25/Modules/CMakeCCompilerABI.c
clang -cc1 version 14.0.6 based upon LLVM 14.0.6 default target x86_64-pc-linux-gnu
ignoring nonexistent directory "/usr/bin/../lib/gcc/x86_64-linux-gnu/12/../../../../x86_64-linux-gnu/include"
ignoring nonexistent directory "/include"
#include "..." search starts here:
#include <...> search starts here:
 /usr/lib/llvm-14/lib/clang/14.0.6/include
 /usr/local/include
 /usr/include/x86_64-linux-gnu
 /usr/include
End of search list.
Linking C executable cmTC_921e6
/usr/bin/cmake -E cmake_link_script CMakeFiles/cmTC_921e6.dir/link.txt --verbose=1
/usr/bin/clang-14  -v CMakeFiles/cmTC_921e6.dir/CMakeCCompilerABI.c.o -o cmTC_921e6 
Debian clang version 14.0.6
Target: x86_64-pc-linux-gnu
Thread model: posix
InstalledDir: /usr/bin
Found candidate GCC installation: /usr/bin/../lib/gcc/x86_64-linux-gnu/12
Selected GCC installation: /usr/bin/../lib/gcc/x86_64-linux-gnu/12
Candidate multilib: .;@m64
Selected multilib: .;@m64
Found CUDA installation: /usr/lib/cuda, version 
 "/usr/bin/ld" -pie --hash-style=both --build-id --eh-frame-hdr -m elf_x86_64 -dynamic-linker /lib64/ld-linux-x86-64.so.2 -o cmTC_921e6 /lib/x86_64-linux-gnu/Scrt1.o /lib/x86_64-linux-gnu/crti.o /usr/bin/../lib/gcc/x86_64-linux-gnu/12/crtbeginS.o -L/usr/bin/../lib/gcc/x86_64-linux-gnu/12 -L/usr/bin/../lib/gcc/x86_64-linux-gnu/12/../../../../lib64 -L/lib/x86_64-linux-gnu -L/lib/../lib64 -L/usr/lib/x86_64-linux-gnu -L/usr/lib/../lib64 -L/lib -L/usr/lib CMakeFiles/cmTC_921e6.dir/CMakeCCompilerABI.c.o -lgcc --as-needed -lgcc_s --no-as-needed -lc -lgcc --as-needed -lgcc_s --no-as-needed /usr/bin/../lib/gcc/x86_64-linux-gnu/12/crtendS.o /lib/x86_64-linux-gnu/crtn.o
gmake[1]: Leaving directory '/files/home/part2/jlang/Bookworm/Nextcloud/Spin-glass/Codes/DMFE/build/CMakeFiles/CMakeScratch/TryCompile-tmqIzf'



Parsed C implicit include dir info from above output: rv=done
  found start of include info
  found start of implicit include info
    add: [/usr/lib/llvm-14/lib/clang/14.0.6/include]
    add: [/usr/local/include]
    add: [/usr/include/x86_64-linux-gnu]
    add: [/usr/include]
  end of search list found
  collapse include dir [/usr/lib/llvm-14/lib/clang/14.0.6/include] ==> [/usr/lib/llvm-14/lib/clang/14.0.6/include]
  collapse include dir [/usr/local/include] ==> [/usr/local/include]
  collapse include dir [/usr/include/x86_64-linux-gnu] ==> [/usr/include/x86_64-linux-gnu]
  collapse include dir [/usr/include] ==> [/usr/include]
  implicit include dirs: [/usr/lib/llvm-14/lib/clang/14.0.6/include;/usr/local/include;/usr/include/x86_64-linux-gnu;/usr/include]


Parsed C implicit link information from above output:
  link line regex: [^( *|.*[/\])(ld|CMAKE_LINK_STARTFILE-NOTFOUND|([^/\]+-)?ld|collect2)[^/\]*( |$)]
  ignore line: [Change Dir: /files/home/part2/jlang/Bookworm/Nextcloud/Spin-glass/Codes/DMFE/build/CMakeFiles/CMakeScratch/TryCompile-tmqIzf]
  ignore line: []
  ignore line: [Run Build Command(s):/usr/bin/gmake -f Makefile cmTC_921e6/fast && /usr/bin/gmake  -f CMakeFiles/cmTC_921e6.dir/build.make CMakeFiles/cmTC_921e6.dir/build]
  ignore line: [gmake[1]: Entering directory '/files/home/part2/jlang/Bookworm/Nextcloud/Spin-glass/Codes/DMFE/build/CMakeFiles/CMakeScratch/TryCompile-tmqIzf']
  ignore line: [Building C object CMakeFiles/cmTC_921e6.dir/CMakeCCompilerABI.c.o]
  ignore line: [/usr/bin/clang-14   -v -MD -MT CMakeFiles/cmTC_921e6.dir/CMakeCCompilerABI.c.o -MF CMakeFiles/cmTC_921e6.dir/CMakeCCompilerABI.c.o.d -o CMakeFiles/cmTC_921e6.dir/CMakeCCompilerABI.c.o -c /usr/share/cmake-3.25/Modules/CMakeCCompilerABI.c]
  ignore line: [Debian clang version 14.0.6]
  ignore line: [Target: x86_64-pc-linux-gnu]
  ignore line: [Thread model: posix]
  ignore line: [InstalledDir: /usr/bin]
  ignore line: [Found candidate GCC installation: /usr/bin/../lib/gcc/x86_64-linux-gnu/12]
  ignore line: [Selected GCC installation: /usr/bin/../lib/gcc/x86_64-linux-gnu/12]
  ignore line: [Candidate multilib: .]
  ignore line: [@m64]
  ignore line: [Selected multilib: .]
  ignore line: [@m64]
  ignore line: [Found CUDA installation: /usr/lib/cuda  version ]
  ignore line: [ (in-process)]
  ignore line: [ "/usr/lib/llvm-14/bin/clang" -cc1 -triple x86_64-pc-linux-gnu -emit-obj -mrelax-all --mrelax-relocations -disable-free -clear-ast-before-backend -disable-llvm-verifier -discard-value-names -main-file-name CMakeCCompilerABI.c -mrelocation-model pic -pic-level 2 -pic-is-pie -mframe-pointer=all -fmath-errno -ffp-contract=on -fno-rounding-math -mconstructor-aliases -funwind-tables=2 -target-cpu x86-64 -tune-cpu generic -mllvm -treat-scalable-fixed-error-as-warning -debugger-tuning=gdb -v -fcoverage-compilation-dir=/files/home/part2/jlang/Bookworm/Nextcloud/Spin-glass/Codes/DMFE/build/CMakeFiles/CMakeScratch/TryCompile-tmqIzf -resource-dir /usr/lib/llvm-14/lib/clang/14.0.6 -dependency-file CMakeFiles/cmTC_921e6.dir/CMakeCCompilerABI.c.o.d -MT CMakeFiles/cmTC_921e6.dir/CMakeCCompilerABI.c.o -sys-header-deps -internal-isystem /usr/lib/llvm-14/lib/clang/14.0.6/include -internal-isystem /usr/local/include -internal-isystem /usr/bin/../lib/gcc/x86_64-linux-gnu/12/../../../../x86_64-linux-gnu/include -internal-externc-isystem /usr/include/x86_64-linux-gnu -internal-externc-isystem /include -internal-externc-isystem /usr/include -fdebug-compilation-dir=/files/home/part2/jlang/Bookworm/Nextcloud/Spin-glass/Codes/DMFE/build/CMakeFiles/CMakeScratch/TryCompile-tmqIzf -ferror-limit 19 -fgnuc-version=4.2.1 -faddrsig -D__GCC_HAVE_DWARF2_CFI_ASM=1 -o CMakeFiles/cmTC_921e6.dir/CMakeCCompilerABI.c.o -x c /usr/share/cmake-3.25/Modules/CMakeCCompilerABI.c]
  ignore line: [clang -cc1 version 14.0.6 based upon LLVM 14.0.6 default target x86_64-pc-linux-gnu]
  ignore line: [ignoring nonexistent directory "/usr/bin/../lib/gcc/x86_64-linux-gnu/12/../../../../x86_64-linux-gnu/include"]
  ignore line: [ignoring nonexistent directory "/include"]
  ignore line: [#include "..." search starts here:]
  ignore line: [#include <...> search starts here:]
  ignore line: [ /usr/lib/llvm-14/lib/clang/14.0.6/include]
  ignore line: [ /usr/local/include]
  ignore line: [ /usr/include/x86_64-linux-gnu]
  ignore line: [ /usr/include]
  ignore line: [End of search list.]
  ignore line: [Linking C executable cmTC_921e6]
  ignore line: [/usr/bin/cmake -E cmake_link_script CMakeFiles/cmTC_921e6.dir/link.txt --verbose=1]
  ignore line: [/usr/bin/clang-14  -v CMakeFiles/cmTC_921e6.dir/CMakeCCompilerABI.c.o -o cmTC_921e6 ]
  ignore line: [Debian clang version 14.0.6]
  ignore line: [Target: x86_64-pc-linux-gnu]
  ignore line: [Thread model: posix]
  ignore line: [InstalledDir: /usr/bin]
  ignore line: [Found candidate GCC installation: /usr/bin/../lib/gcc/x86_64-linux-gnu/12]
  ignore line: [Selected GCC installation: /usr/bin/../lib/gcc/x86_64-linux-gnu/12]
  ignore line: [Candidate multilib: .]
  ignore line: [@m64]
  ignore line: [Selected multilib: .]
  ignore line: [@m64]
  ignore line: [Found CUDA installation: /usr/lib/cuda  version ]
  link line: [ "/usr/bin/ld" -pie --hash-style=both --build-id --eh-frame-hdr -m elf_x86_64 -dynamic-linker /lib64/ld-linux-x86-64.so.2 -o cmTC_921e6 /lib/x86_64-linux-gnu/Scrt1.o /lib/x86_64-linux-gnu/crti.o /usr/bin/../lib/gcc/x86_64-linux-gnu/12/crtbeginS.o -L/usr/bin/../lib/gcc/x86_64-linux-gnu/12 -L/usr/bin/../lib/gcc/x86_64-linux-gnu/12/../../../../lib64 -L/lib/x86_64-linux-gnu -L/lib/../lib64 -L/usr/lib/x86_64-linux-gnu -L/usr/lib/../lib64 -L/lib -L/usr/lib CMakeFiles/cmTC_921e6.dir/CMakeCCompilerABI.c.o -lgcc --as-needed -lgcc_s --no-as-needed -lc -lgcc --as-needed -lgcc_s --no-as-needed /usr/bin/../lib/gcc/x86_64-linux-gnu/12/crtendS.o /lib/x86_64-linux-gnu/crtn.o]
    arg [/usr/bin/ld] ==> ignore
    arg [-pie] ==> ignore
    arg [--hash-style=both] ==> ignore
    arg [--build-id] ==> ignore
    arg [--eh-frame-hdr] ==> ignore
    arg [-m] ==> ignore
    arg [elf_x86_64] ==> ignore
    arg [-dynamic-linker] ==> ignore
    arg [/lib64/ld-linux-x86-64.so.2] ==> ignore
    arg [-o] ==> ignore
    arg [cmTC_921e6] ==> ignore
    arg [/lib/x86_64-linux-gnu/Scrt1.o] ==> obj [/lib/x86_64-linux-gnu/Scrt1.o]
    arg [/lib/x86_64-linux-gnu/crti.o] ==> obj [/lib/x86_64-linux-gnu/crti.o]
    arg [/usr/bin/../lib/gcc/x86_64-linux-gnu/12/crtbeginS.o] ==> obj [/usr/bin/../lib/gcc/x86_64-linux-gnu/12/crtbeginS.o]
    arg [-L/usr/bin/../lib/gcc/x86_64-linux-gnu/12] ==> dir [/usr/bin/../lib/gcc/x86_64-linux-gnu/12]
    arg [-L/usr/bin/../lib/gcc/x86_64-linux-gnu/12/../../../../lib64] ==> dir [/usr/bin/../lib/gcc/x86_64-linux-gnu/12/../../../../lib64]
    arg [-L/lib/x86_64-linux-gnu] ==> dir [/lib/x86_64-linux-gnu]
    arg [-L/lib/../lib64] ==> dir [/lib/../lib64]
    arg [-L/usr/lib/x86_64-linux-gnu] ==> dir [/usr/lib/x86_64-linux-gnu]
    arg [-L/usr/lib/../lib64] ==> dir [/usr/lib/../lib64]
    arg [-L/lib] ==> dir [/lib]
    arg [-L/usr/lib] ==> dir [/usr/lib]
    arg [CMakeFiles/cmTC_921e6.dir/CMakeCCompilerABI.c.o] ==> ignore
    arg [-lgcc] ==> lib [gcc]
    arg [--as-needed] ==> ignore
    arg [-lgcc_s] ==> lib [gcc_s]
    arg [--no-as-needed] ==> ignore
    arg [-lc] ==> lib [c]
    arg [-lgcc] ==> lib [gcc]
    arg [--as-needed] ==> ignore
    arg [-lgcc_s] ==> lib [gcc_s]
    arg [--no-as-needed] ==> ignore
    arg [/usr/bin/../lib/gcc/x86_64-linux-gnu/12/crtendS.o] ==> obj [/usr/bin/../lib/gcc/x86_64-linux-gnu/12/crtendS.o]
    arg [/lib/x86_64-linux-gnu/crtn.o] ==> obj [/lib/x86_64-linux-gnu/crtn.o]
  collapse obj [/usr/bin/../lib/gcc/x86_64-linux-gnu/12/crtbeginS.o] ==> [/usr/lib/gcc/x86_64-linux-gnu/12/crtbeginS.o]
  collapse obj [/usr/bin/../lib/gcc/x86_64-linux-gnu/12/crtendS.o] ==> [/usr/lib/gcc/x86_64-linux-gnu/12/crtendS.o]
  collapse library dir [/usr/bin/../lib/gcc/x86_64-linux-gnu/12] ==> [/usr/lib/gcc/x86_64-linux-gnu/12]
  collapse library dir [/usr/bin/../lib/gcc/x86_64-linux-gnu/12/../../../../lib64] ==> [/usr/lib64]
  collapse library dir [/lib/x86_64-linux-gnu] ==> [/lib/x86_64-linux-gnu]
  collapse library dir [/lib/../lib64] ==> [/lib64]
  collapse library dir [/usr/lib/x86_64-linux-gnu] ==> [/usr/lib/x86_64-linux-gnu]
  collapse library dir [/usr/lib/../lib64] ==> [/usr/lib64]
  collapse library dir [/lib] ==> [/lib]
  collapse library dir [/usr/lib] ==> [/usr/lib]
  implicit libs: [gcc;gcc_s;c;gcc;gcc_s]
  implicit objs: [/lib/x86_64-linux-gnu/Scrt1.o;/lib/x86_64-linux-gnu/crti.o;/usr/lib/gcc/x86_64-linux-gnu/12/crtbeginS.o;/usr/lib/gcc/x86_64-linux-gnu/12/crtendS.o;/lib/x86_64-linux-gnu/crtn.o]
  implicit dirs: [/usr/lib/gcc/x86_64-linux-gnu/12;/usr/lib64;/lib/x86_64-linux-gnu;/lib64;/usr/lib/x86_64-linux-gnu;/lib;/usr/lib]
  implicit fwks: []


Detecting CXX compiler ABI info compiled with the following output:
Change Dir: /files/home/part2/jlang/Bookworm/Nextcloud/Spin-glass/Codes/DMFE/build/CMakeFiles/CMakeScratch/TryCompile-e35dAv

Run Build Command(s):/usr/bin/gmake -f Makefile cmTC_d8646/fast && /usr/bin/gmake  -f CMakeFiles/cmTC_d8646.dir/build.make CMakeFiles/cmTC_d8646.dir/build
gmake[1]: Entering directory '/files/home/part2/jlang/Bookworm/Nextcloud/Spin-glass/Codes/DMFE/build/CMakeFiles/CMakeScratch/TryCompile-e35dAv'
Building CXX object CMakeFiles/cmTC_d8646.dir/CMakeCXXCompilerABI.cpp.o
/usr/bin/clang++-14   -v -MD -MT CMakeFiles/cmTC_d8646.dir/CMakeCXXCompilerABI.cpp.o -MF CMakeFiles/cmTC_d8646.dir/CMakeCXXCompilerABI.cpp.o.d -o CMakeFiles/cmTC_d8646.dir/CMakeCXXCompilerABI.cpp.o -c /usr/share/cmake-3.25/Modules/CMakeCXXCompilerABI.cpp
Debian clang version 14.0.6
Target: x86_64-pc-linux-gnu
Thread model: posix
InstalledDir: /usr/bin
Found candidate GCC installation: /usr/bin/../lib/gcc/x86_64-linux-gnu/12
Selected GCC installation: /usr/bin/../lib/gcc/x86_64-linux-gnu/12
Candidate multilib: .;@m64
Selected multilib: .;@m64
Found CUDA installation: /usr/lib/cuda, version 
 (in-process)
 "/usr/lib/llvm-14/bin/clang" -cc1 -triple x86_64-pc-linux-gnu -emit-obj -mrelax-all --mrelax-relocations -disable-free -clear-ast-before-backend -disable-llvm-verifier -discard-value-names -main-file-name CMakeCXXCompilerABI.cpp -mrelocation-model pic -pic-level 2 -pic-is-pie -mframe-pointer=all -fmath-errno -ffp-contract=on -fno-rounding-math -mconstructor-aliases -funwind-tables=2 -target-cpu x86-64 -tune-cpu generic -mllvm -treat-scalable-fixed-error-as-warning -debugger-tuning=gdb -v -fcoverage-compilation-dir=/files/home/part2/jlang/Bookworm/Nextcloud/Spin-glass/Codes/DMFE/build/CMakeFiles/CMakeScratch/TryCompile-e35dAv -resource-dir /usr/lib/llvm-14/lib/clang/14.0.6 -dependency-file CMakeFiles/cmTC_d8646.dir/CMakeCXXCompilerABI.cpp.o.d -MT CMakeFiles/cmTC_d8646.dir/CMakeCXXCompilerABI.cpp.o -sys-header-deps -internal-isystem /usr/bin/../lib/gcc/x86_64-linux-gnu/12/../../../../include/c++/12 -internal-isystem /usr/bin/../lib/gcc/x86_64-linux-gnu/12/../../../../include/x86_64-linux-gnu/c++/12 -internal-isystem /usr/bin/../lib/gcc/x86_64-linux-gnu/12/../../../../include/c++/12/backward -internal-isystem /usr/lib/llvm-14/lib/clang/14.0.6/include -internal-isystem /usr/local/include -internal-isystem /usr/bin/../lib/gcc/x86_64-linux-gnu/12/../../../../x86_64-linux-gnu/include -internal-externc-isystem /usr/include/x86_64-linux-gnu -internal-externc-isystem /include -internal-externc-isystem /usr/include -fdeprecated-macro -fdebug-compilation-dir=/files/home/part2/jlang/Bookworm/Nextcloud/Spin-glass/Codes/DMFE/build/CMakeFiles/CMakeScratch/TryCompile-e35dAv -ferror-limit 19 -fgnuc-version=4.2.1 -fcxx-exceptions -fexceptions -faddrsig -D__GCC_HAVE_DWARF2_CFI_ASM=1 -o CMakeFiles/cmTC_d8646.dir/CMakeCXXCompilerABI.cpp.o -x c++ /usr/share/cmake-3.25/Modules/CMakeCXXCompilerABI.cpp
clang -cc1 version 14.0.6 based upon LLVM 14.0.6 default target x86_64-pc-linux-gnu
ignoring nonexistent directory "/usr/bin/../lib/gcc/x86_64-linux-gnu/12/../../../../x86_64-linux-gnu/include"
ignoring nonexistent directory "/include"
#include "..." search starts here:
#include <...> search starts here:
 /usr/bin/../lib/gcc/x86_64-linux-gnu/12/../../../../include/c++/12
 /usr/bin/../lib/gcc/x86_64-linux-gnu/12/../../../../include/x86_64-linux-gnu/c++/12
 /usr/bin/../lib/gcc/x86_64-linux-gnu/12/../../../../include/c++/12/backward
 /usr/lib/llvm-14/lib/clang/14.0.6/include
 /usr/local/include
 /usr/include/x86_64-linux-gnu
 /usr/include
End of search list.
Linking CXX executable cmTC_d8646
/usr/bin/cmake -E cmake_link_script CMakeFiles/cmTC_d8646.dir/link.txt --verbose=1
/usr/bin/clang++-14  -v CMakeFiles/cmTC_d8646.dir/CMakeCXXCompilerABI.cpp.o -o cmTC_d8646 
Debian clang version 14.0.6
Target: x86_64-pc-linux-gnu
Thread model: posix
InstalledDir: /usr/bin
Found candidate GCC installation: /usr/bin/../lib/gcc/x86_64-linux-gnu/12
Selected GCC installation: /usr/bin/../lib/gcc/x86_64-linux-gnu/12
Candidate multilib: .;@m64
Selected multilib: .;@m64
Found CUDA installation: /usr/lib/cuda, version 
 "/usr/bin/ld" -pie --hash-style=both --build-id --eh-frame-hdr -m elf_x86_64 -dynamic-linker /lib64/ld-linux-x86-64.so.2 -o cmTC_d8646 /lib/x86_64-linux-gnu/Scrt1.o /lib/x86_64-linux-gnu/crti.o /usr/bin/../lib/gcc/x86_64-linux-gnu/12/crtbeginS.o -L/usr/bin/../lib/gcc/x86_64-linux-gnu/12 -L/usr/bin/../lib/gcc/x86_64-linux-gnu/12/../../../../lib64 -L/lib/x86_64-linux-gnu -L/lib/../lib64 -L/usr/lib/x86_64-linux-gnu -L/usr/lib/../lib64 -L/lib -L/usr/lib CMakeFiles/cmTC_d8646.dir/CMakeCXXCompilerABI.cpp.o -lstdc++ -lm -lgcc_s -lgcc -lc -lgcc_s -lgcc /usr/bin/../lib/gcc/x86_64-linux-gnu/12/crtendS.o /lib/x86_64-linux-gnu/crtn.o
gmake[1]: Leaving directory '/files/home/part2/jlang/Bookworm/Nextcloud/Spin-glass/Codes/DMFE/build/CMakeFiles/CMakeScratch/TryCompile-e35dAv'



Parsed CXX implicit include dir info from above output: rv=done
  found start of include info
  found start of implicit include info
    add: [/usr/bin/../lib/gcc/x86_64-linux-gnu/12/../../../../include/c++/12]
    add: [/usr/bin/../lib/gcc/x86_64-linux-gnu/12/../../../../include/x86_64-linux-gnu/c++/12]
    add: [/usr/bin/../lib/gcc/x86_64-linux-gnu/12/../../../../include/c++/12/backward]
    add: [/usr/lib/llvm-14/lib/clang/14.0.6/include]
    add: [/usr/local/include]
    add: [/usr/include/x86_64-linux-gnu]
    add: [/usr/include]
  end of search list found
  collapse include dir [/usr/bin/../lib/gcc/x86_64-linux-gnu/12/../../../../include/c++/12] ==> [/usr/include/c++/12]
  collapse include dir [/usr/bin/../lib/gcc/x86_64-linux-gnu/12/../../../../include/x86_64-linux-gnu/c++/12] ==> [/usr/include/x86_64-linux-gnu/c++/12]
  collapse include dir [/usr/bin/../lib/gcc/x86_64-linux-gnu/12/../../../../include/c++/12/backward] ==> [/usr/include/c++/12/backward]
  collapse include dir [/usr/lib/llvm-14/lib/clang/14.0.6/include] ==> [/usr/lib/llvm-14/lib/clang/14.0.6/include]
  collapse include dir [/usr/local/include] ==> [/usr/local/include]
  collapse include dir [/usr/include/x86_64-linux-gnu] ==> [/usr/include/x86_64-linux-gnu]
  collapse include dir [/usr/include] ==> [/usr/include]
  implicit include dirs: [/usr/include/c++/12;/usr/include/x86_64-linux-gnu/c++/12;/usr/include/c++/12/backward;/usr/lib/llvm-14/lib/clang/14.0.6/include;/usr/local/include;/usr/include/x86_64-linux-gnu;/usr/include]


Parsed CXX implicit link information from above output:
  link line regex: [^( *|.*[/\])(ld|CMAKE_LINK_STARTFILE-NOTFOUND|([^/\]+-)?ld|collect2)[^/\]*( |$)]
  ignore line: [Change Dir: /files/home/part2/jlang/Bookworm/Nextcloud/Spin-glass/Codes/DMFE/build/CMakeFiles/CMakeScratch/TryCompile-e35dAv]
  ignore line: []
  ignore line: [Run Build Command(s):/usr/bin/gmake -f Makefile cmTC_d8646/fast && /usr/bin/gmake  -f CMakeFiles/cmTC_d8646.dir/build.make CMakeFiles/cmTC_d8646.dir/build]
  ignore line: [gmake[1]: Entering directory '/files/home/part2/jlang/Bookworm/Nextcloud/Spin-glass/Codes/DMFE/build/CMakeFiles/CMakeScratch/TryCompile-e35dAv']
  ignore line: [Building CXX object CMakeFiles/cmTC_d8646.dir/CMakeCXXCompilerABI.cpp.o]
  ignore line: [/usr/bin/clang++-14   -v -MD -MT CMakeFiles/cmTC_d8646.dir/CMakeCXXCompilerABI.cpp.o -MF CMakeFiles/cmTC_d8646.dir/CMakeCXXCompilerABI.cpp.o.d -o CMakeFiles/cmTC_d8646.dir/CMakeCXXCompilerABI.cpp.o -c /usr/share/cmake-3.25/Modules/CMakeCXXCompilerABI.cpp]
  ignore line: [Debian clang version 14.0.6]
  ignore line: [Target: x86_64-pc-linux-gnu]
  ignore line: [Thread model: posix]
  ignore line: [InstalledDir: /usr/bin]
  ignore line: [Found candidate GCC installation: /usr/bin/../lib/gcc/x86_64-linux-gnu/12]
  ignore line: [Selected GCC installation: /usr/bin/../lib/gcc/x86_64-linux-gnu/12]
  ignore line: [Candidate multilib: .]
  ignore line: [@m64]
  ignore line: [Selected multilib: .]
  ignore line: [@m64]
  ignore line: [Found CUDA installation: /usr/lib/cuda  version ]
  ignore line: [ (in-process)]
  ignore line: [ "/usr/lib/llvm-14/bin/clang" -cc1 -triple x86_64-pc-linux-gnu -emit-obj -mrelax-all --mrelax-relocations -disable-free -clear-ast-before-backend -disable-llvm-verifier -discard-value-names -main-file-name CMakeCXXCompilerABI.cpp -mrelocation-model pic -pic-level 2 -pic-is-pie -mframe-pointer=all -fmath-errno -ffp-contract=on -fno-rounding-math -mconstructor-aliases -funwind-tables=2 -target-cpu x86-64 -tune-cpu generic -mllvm -treat-scalable-fixed-error-as-warning -debugger-tuning=gdb -v -fcoverage-compilation-dir=/files/home/part2/jlang/Bookworm/Nextcloud/Spin-glass/Codes/DMFE/build/CMakeFiles/CMakeScratch/TryCompile-e35dAv -resource-dir /usr/lib/llvm-14/lib/clang/14.0.6 -dependency-file CMakeFiles/cmTC_d8646.dir/CMakeCXXCompilerABI.cpp.o.d -MT CMakeFiles/cmTC_d8646.dir/CMakeCXXCompilerABI.cpp.o -sys-header-deps -internal-isystem /usr/bin/../lib/gcc/x86_64-linux-gnu/12/../../../../include/c++/12 -internal-isystem /usr/bin/../lib/gcc/x86_64-linux-gnu/12/../../../../include/x86_64-linux-gnu/c++/12 -internal-isystem /usr/bin/../lib/gcc/x86_64-linux-gnu/12/../../../../include/c++/12/backward -internal-isystem /usr/lib/llvm-14/lib/clang/14.0.6/include -internal-isystem /usr/local/include -internal-isystem /usr/bin/../lib/gcc/x86_64-linux-gnu/12/../../../../x86_64-linux-gnu/include -internal-externc-isystem /usr/include/x86_64-linux-gnu -internal-externc-isystem /include -internal-externc-isystem /usr/include -fdeprecated-macro -fdebug-compilation-dir=/files/home/part2/jlang/Bookworm/Nextcloud/Spin-glass/Codes/DMFE/build/CMakeFiles/CMakeScratch/TryCompile-e35dAv -ferror-limit 19 -fgnuc-version=4.2.1 -fcxx-exceptions -fexceptions -faddrsig -D__GCC_HAVE_DWARF2_CFI_ASM=1 -o CMakeFiles/cmTC_d8646.dir/CMakeCXXCompilerABI.cpp.o -x c++ /usr/share/cmake-3.25/Modules/CMakeCXXCompilerABI.cpp]
  ignore line: [clang -cc1 version 14.0.6 based upon LLVM 14.0.6 default target x86_64-pc-linux-gnu]
  ignore line: [ignoring nonexistent directory "/usr/bin/../lib/gcc/x86_64-linux-gnu/12/../../../../x86_64-linux-gnu/include"]
  ignore line: [ignoring nonexistent directory "/include"]
  ignore line: [#include "..." search starts here:]
  ignore line: [#include <...> search starts here:]
  ignore line: [ /usr/bin/../lib/gcc/x86_64-linux-gnu/12/../../../../include/c++/12]
  ignore line: [ /usr/bin/../lib/gcc/x86_64-linux-gnu/12/../../../../include/x86_64-linux-gnu/c++/12]
  ignore line: [ /usr/bin/../lib/gcc/x86_64-linux-gnu/12/../../../../include/c++/12/backward]
  ignore line: [ /usr/lib/llvm-14/lib/clang/14.0.6/include]
  ignore line: [ /usr/local/include]
  ignore line: [ /usr/include/x86_64-linux-gnu]
  ignore line: [ /usr/include]
  ignore line: [End of search list.]
  ignore line: [Linking CXX executable cmTC_d8646]
  ignore line: [/usr/bin/cmake -E cmake_link_script CMakeFiles/cmTC_d8646.dir/link.txt --verbose=1]
  ignore line: [/usr/bin/clang++-14  -v CMakeFiles/cmTC_d8646.dir/CMakeCXXCompilerABI.cpp.o -o cmTC_d8646 ]
  ignore line: [Debian clang version 14.0.6]
  ignore line: [Target: x86_64-pc-linux-gnu]
  ignore line: [Thread model: posix]
  ignore line: [InstalledDir: /usr/bin]
  ignore line: [Found candidate GCC installation: /usr/bin/../lib/gcc/x86_64-linux-gnu/12]
  ignore line: [Selected GCC installation: /usr/bin/../lib/gcc/x86_64-linux-gnu/12]
  ignore line: [Candidate multilib: .]
  ignore line: [@m64]
  ignore line: [Selected multilib: .]
  ignore line: [@m64]
  ignore line: [Found CUDA installation: /usr/lib/cuda  version ]
  link line: [ "/usr/bin/ld" -pie --hash-style=both --build-id --eh-frame-hdr -m elf_x86_64 -dynamic-linker /lib64/ld-linux-x86-64.so.2 -o cmTC_d8646 /lib/x86_64-linux-gnu/Scrt1.o /lib/x86_64-linux-gnu/crti.o /usr/bin/../lib/gcc/x86_64-linux-gnu/12/crtbeginS.o -L/usr/bin/../lib/gcc/x86_64-linux-gnu/12 -L/usr/bin/../lib/gcc/x86_64-linux-gnu/12/../../../../lib64 -L/lib/x86_64-linux-gnu -L/lib/../lib64 -L/usr/lib/x86_64-linux-gnu -L/usr/lib/../lib64 -L/lib -L/usr/lib CMakeFiles/cmTC_d8646.dir/CMakeCXXCompilerABI.cpp.o -lstdc++ -lm -lgcc_s -lgcc -lc -lgcc_s -lgcc /usr/bin/../lib/gcc/x86_64-linux-gnu/12/crtendS.o /lib/x86_64-linux-gnu/crtn.o]
    arg [/usr/bin/ld] ==> ignore
    arg [-pie] ==> ignore
    arg [--hash-style=both] ==> ignore
    arg [--build-id] ==> ignore
    arg [--eh-frame-hdr] ==> ignore
    arg [-m] ==> ignore
    arg [elf_x86_64] ==> ignore
    arg [-dynamic-linker] ==> ignore
    arg [/lib64/ld-linux-x86-64.so.2] ==> ignore
    arg [-o] ==> ignore
    arg [cmTC_d8646] ==> ignore
    arg [/lib/x86_64-linux-gnu/Scrt1.o] ==> obj [/lib/x86_64-linux-gnu/Scrt1.o]
    arg [/lib/x86_64-linux-gnu/crti.o] ==> obj [/lib/x86_64-linux-gnu/crti.o]
    arg [/usr/bin/../lib/gcc/x86_64-linux-gnu/12/crtbeginS.o] ==> obj [/usr/bin/../lib/gcc/x86_64-linux-gnu/12/crtbeginS.o]
    arg [-L/usr/bin/../lib/gcc/x86_64-linux-gnu/12] ==> dir [/usr/bin/../lib/gcc/x86_64-linux-gnu/12]
    arg [-L/usr/bin/../lib/gcc/x86_64-linux-gnu/12/../../../../lib64] ==> dir [/usr/bin/../lib/gcc/x86_64-linux-gnu/12/../../../../lib64]
    arg [-L/lib/x86_64-linux-gnu] ==> dir [/lib/x86_64-linux-gnu]
    arg [-L/lib/../lib64] ==> dir [/lib/../lib64]
    arg [-L/usr/lib/x86_64-linux-gnu] ==> dir [/usr/lib/x86_64-linux-gnu]
    arg [-L/usr/lib/../lib64] ==> dir [/usr/lib/../lib64]
    arg [-L/lib] ==> dir [/lib]
    arg [-L/usr/lib] ==> dir [/usr/lib]
    arg [CMakeFiles/cmTC_d8646.dir/CMakeCXXCompilerABI.cpp.o] ==> ignore
    arg [-lstdc++] ==> lib [stdc++]
    arg [-lm] ==> lib [m]
    arg [-lgcc_s] ==> lib [gcc_s]
    arg [-lgcc] ==> lib [gcc]
    arg [-lc] ==> lib [c]
    arg [-lgcc_s] ==> lib [gcc_s]
    arg [-lgcc] ==> lib [gcc]
    arg [/usr/bin/../lib/gcc/x86_64-linux-gnu/12/crtendS.o] ==> obj [/usr/bin/../lib/gcc/x86_64-linux-gnu/12/crtendS.o]
    arg [/lib/x86_64-linux-gnu/crtn.o] ==> obj [/lib/x86_64-linux-gnu/crtn.o]
  collapse obj [/usr/bin/../lib/gcc/x86_64-linux-gnu/12/crtbeginS.o] ==> [/usr/lib/gcc/x86_64-linux-gnu/12/crtbeginS.o]
  collapse obj [/usr/bin/../lib/gcc/x86_64-linux-gnu/12/crtendS.o] ==> [/usr/lib/gcc/x86_64-linux-gnu/12/crtendS.o]
  collapse library dir [/usr/bin/../lib/gcc/x86_64-linux-gnu/12] ==> [/usr/lib/gcc/x86_64-linux-gnu/12]
  collapse library dir [/usr/bin/../lib/gcc/x86_64-linux-gnu/12/../../../../lib64] ==> [/usr/lib64]
  collapse library dir [/lib/x86_64-linux-gnu] ==> [/lib/x86_64-linux-gnu]
  collapse library dir [/lib/../lib64] ==> [/lib64]
  collapse library dir [/usr/lib/x86_64-linux-gnu] ==> [/usr/lib/x86_64-linux-gnu]
  collapse library dir [/usr/lib/../lib64] ==> [/usr/lib64]
  collapse library dir [/lib] ==> [/lib]
  collapse library dir [/usr/lib] ==> [/usr/lib]
  implicit libs: [stdc++;m;gcc_s;gcc;c;gcc_s;gcc]
  implicit objs: [/lib/x86_64-linux-gnu/Scrt1.o;/lib/x86_64-linux-gnu/crti.o;/usr/lib/gcc/x86_64-linux-gnu/12/crtbeginS.o;/usr/lib/gcc/x86_64-linux-gnu/12/crtendS.o;/lib/x86_64-linux-gnu/crtn.o]
  implicit dirs: [/usr/lib/gcc/x86_64-linux-gnu/12;/usr/lib64;/lib/x86_64-linux-gnu;/lib64;/usr/lib/x86_64-linux-gnu;/lib;/usr/lib]
  implicit fwks: []


Detecting CUDA compiler ABI info compiled with the following output:
Change Dir: /files/home/part2/jlang/Bookworm/Nextcloud/Spin-glass/Codes/DMFE/build/CMakeFiles/CMakeScratch/TryCompile-pngWD7

Run Build Command(s):/usr/bin/gmake -f Makefile cmTC_d19b5/fast && /usr/bin/gmake  -f CMakeFiles/cmTC_d19b5.dir/build.make CMakeFiles/cmTC_d19b5.dir/build
gmake[1]: Entering directory '/files/home/part2/jlang/Bookworm/Nextcloud/Spin-glass/Codes/DMFE/build/CMakeFiles/CMakeScratch/TryCompile-pngWD7'
Building CUDA object CMakeFiles/cmTC_d19b5.dir/CMakeCUDACompilerABI.cu.o
/usr/bin/nvcc -forward-unknown-to-host-compiler -ccbin=clang++-14   --generate-code=arch=compute_52,code=[compute_52,sm_52]   -Xcompiler=-v -MD -MT CMakeFiles/cmTC_d19b5.dir/CMakeCUDACompilerABI.cu.o -MF CMakeFiles/cmTC_d19b5.dir/CMakeCUDACompilerABI.cu.o.d -x cu -c /usr/share/cmake-3.25/Modules/CMakeCUDACompilerABI.cu -o CMakeFiles/cmTC_d19b5.dir/CMakeCUDACompilerABI.cu.o
Debian clang version 14.0.6
Target: x86_64-pc-linux-gnu
Thread model: posix
InstalledDir: /usr/bin
Found candidate GCC installation: /usr/bin/../lib/gcc/x86_64-linux-gnu/12
Selected GCC installation: /usr/bin/../lib/gcc/x86_64-linux-gnu/12
Candidate multilib: .;@m64
Selected multilib: .;@m64
Found CUDA installation: /usr/lib/cuda, version 
 (in-process)
 "/usr/lib/llvm-14/bin/clang" -cc1 -triple x86_64-pc-linux-gnu -E -disable-free -clear-ast-before-backend -disable-llvm-verifier -discard-value-names -main-file-name CMakeCUDACompilerABI.cu -mrelocation-model pic -pic-level 2 -pic-is-pie -mframe-pointer=all -fmath-errno -ffp-contract=on -fno-rounding-math -mconstructor-aliases -funwind-tables=2 -target-cpu x86-64 -tune-cpu generic -debugger-tuning=gdb -v -fcoverage-compilation-dir=/files/home/part2/jlang/Bookworm/Nextcloud/Spin-glass/Codes/DMFE/build/CMakeFiles/CMakeScratch/TryCompile-pngWD7 -resource-dir /usr/lib/llvm-14/lib/clang/14.0.6 -include cuda_runtime.h -D __CUDA_ARCH__=520 -D __CUDA_ARCH_LIST__=520 -D CUDA_DOUBLE_MATH_FUNCTIONS -D __CUDACC__ -D __NVCC__ -D __CUDACC_VER_MAJOR__=11 -D __CUDACC_VER_MINOR__=8 -D __CUDACC_VER_BUILD__=89 -D __CUDA_API_VER_MAJOR__=11 -D __CUDA_API_VER_MINOR__=8 -D __NVCC_DIAG_PRAGMA_SUPPORT__=1 -internal-isystem /usr/bin/../lib/gcc/x86_64-linux-gnu/12/../../../../include/c++/12 -internal-isystem /usr/bin/../lib/gcc/x86_64-linux-gnu/12/../../../../include/x86_64-linux-gnu/c++/12 -internal-isystem /usr/bin/../lib/gcc/x86_64-linux-gnu/12/../../../../include/c++/12/backward -internal-isystem /usr/lib/llvm-14/lib/clang/14.0.6/include -internal-isystem /usr/local/include -internal-isystem /usr/bin/../lib/gcc/x86_64-linux-gnu/12/../../../../x86_64-linux-gnu/include -internal-externc-isystem /usr/include/x86_64-linux-gnu -internal-externc-isystem /include -internal-externc-isystem /usr/include -fdeprecated-macro -fdebug-compilation-dir=/files/home/part2/jlang/Bookworm/Nextcloud/Spin-glass/Codes/DMFE/build/CMakeFiles/CMakeScratch/TryCompile-pngWD7 -ferror-limit 19 -fgnuc-version=4.2.1 -fcxx-exceptions -fexceptions -faddrsig -D__GCC_HAVE_DWARF2_CFI_ASM=1 -o /tmp/tmpxft_003cca7e_00000000-7_CMakeCUDACompilerABI.cpp1.ii -x c++ /usr/share/cmake-3.25/Modules/CMakeCUDACompilerABI.cu
clang -cc1 version 14.0.6 based upon LLVM 14.0.6 default target x86_64-pc-linux-gnu
ignoring nonexistent directory "/usr/bin/../lib/gcc/x86_64-linux-gnu/12/../../../../x86_64-linux-gnu/include"
ignoring nonexistent directory "/include"
#include "..." search starts here:
#include <...> search starts here:
 /usr/bin/../lib/gcc/x86_64-linux-gnu/12/../../../../include/c++/12
 /usr/bin/../lib/gcc/x86_64-linux-gnu/12/../../../../include/x86_64-linux-gnu/c++/12
 /usr/bin/../lib/gcc/x86_64-linux-gnu/12/../../../../include/c++/12/backward
 /usr/lib/llvm-14/lib/clang/14.0.6/include
 /usr/local/include
 /usr/include/x86_64-linux-gnu
 /usr/include
End of search list.
Debian clang version 14.0.6
Target: x86_64-pc-linux-gnu
Thread model: posix
InstalledDir: /usr/bin
Found candidate GCC installation: /usr/bin/../lib/gcc/x86_64-linux-gnu/12
Selected GCC installation: /usr/bin/../lib/gcc/x86_64-linux-gnu/12
Candidate multilib: .;@m64
Selected multilib: .;@m64
Found CUDA installation: /usr/lib/cuda, version 
 (in-process)
 "/usr/lib/llvm-14/bin/clang" -cc1 -triple x86_64-pc-linux-gnu -E -disable-free -clear-ast-before-backend -disable-llvm-verifier -discard-value-names -main-file-name CMakeCUDACompilerABI.cu -mrelocation-model pic -pic-level 2 -pic-is-pie -mframe-pointer=all -fmath-errno -ffp-contract=on -fno-rounding-math -mconstructor-aliases -funwind-tables=2 -target-cpu x86-64 -tune-cpu generic -debugger-tuning=gdb -v -fcoverage-compilation-dir=/files/home/part2/jlang/Bookworm/Nextcloud/Spin-glass/Codes/DMFE/build/CMakeFiles/CMakeScratch/TryCompile-pngWD7 -resource-dir /usr/lib/llvm-14/lib/clang/14.0.6 -include cuda_runtime.h -D __CUDA_ARCH_LIST__=520 -D __CUDACC__ -D __NVCC__ -D __CUDACC_VER_MAJOR__=11 -D __CUDACC_VER_MINOR__=8 -D __CUDACC_VER_BUILD__=89 -D __CUDA_API_VER_MAJOR__=11 -D __CUDA_API_VER_MINOR__=8 -D __NVCC_DIAG_PRAGMA_SUPPORT__=1 -internal-isystem /usr/bin/../lib/gcc/x86_64-linux-gnu/12/../../../../include/c++/12 -internal-isystem /usr/bin/../lib/gcc/x86_64-linux-gnu/12/../../../../include/x86_64-linux-gnu/c++/12 -internal-isystem /usr/bin/../lib/gcc/x86_64-linux-gnu/12/../../../../include/c++/12/backward -internal-isystem /usr/lib/llvm-14/lib/clang/14.0.6/include -internal-isystem /usr/local/include -internal-isystem /usr/bin/../lib/gcc/x86_64-linux-gnu/12/../../../../x86_64-linux-gnu/include -internal-externc-isystem /usr/include/x86_64-linux-gnu -internal-externc-isystem /include -internal-externc-isystem /usr/include -fdeprecated-macro -fdebug-compilation-dir=/files/home/part2/jlang/Bookworm/Nextcloud/Spin-glass/Codes/DMFE/build/CMakeFiles/CMakeScratch/TryCompile-pngWD7 -ferror-limit 19 -fgnuc-version=4.2.1 -fcxx-exceptions -fexceptions -faddrsig -D__GCC_HAVE_DWARF2_CFI_ASM=1 -o /tmp/tmpxft_003cca7e_00000000-5_CMakeCUDACompilerABI.cpp4.ii -x c++ /usr/share/cmake-3.25/Modules/CMakeCUDACompilerABI.cu
clang -cc1 version 14.0.6 based upon LLVM 14.0.6 default target x86_64-pc-linux-gnu
ignoring nonexistent directory "/usr/bin/../lib/gcc/x86_64-linux-gnu/12/../../../../x86_64-linux-gnu/include"
ignoring nonexistent directory "/include"
#include "..." search starts here:
#include <...> search starts here:
 /usr/bin/../lib/gcc/x86_64-linux-gnu/12/../../../../include/c++/12
 /usr/bin/../lib/gcc/x86_64-linux-gnu/12/../../../../include/x86_64-linux-gnu/c++/12
 /usr/bin/../lib/gcc/x86_64-linux-gnu/12/../../../../include/c++/12/backward
 /usr/lib/llvm-14/lib/clang/14.0.6/include
 /usr/local/include
 /usr/include/x86_64-linux-gnu
 /usr/include
End of search list.
Debian clang version 14.0.6
Target: x86_64-pc-linux-gnu
Thread model: posix
InstalledDir: /usr/bin
Found candidate GCC installation: /usr/bin/../lib/gcc/x86_64-linux-gnu/12
Selected GCC installation: /usr/bin/../lib/gcc/x86_64-linux-gnu/12
Candidate multilib: .;@m64
Selected multilib: .;@m64
Found CUDA installation: /usr/lib/cuda, version 
 (in-process)
 "/usr/lib/llvm-14/bin/clang" -cc1 -triple x86_64-pc-linux-gnu -emit-obj -mrelax-all --mrelax-relocations -disable-free -clear-ast-before-backend -disable-llvm-verifier -discard-value-names -main-file-name tmpxft_003cca7e_00000000-6_CMakeCUDACompilerABI.cudafe1.cpp -mrelocation-model pic -pic-level 2 -pic-is-pie -mframe-pointer=all -fmath-errno -ffp-contract=on -fno-rounding-math -mconstructor-aliases -funwind-tables=2 -target-cpu x86-64 -tune-cpu generic -mllvm -treat-scalable-fixed-error-as-warning -debugger-tuning=gdb -v -fcoverage-compilation-dir=/files/home/part2/jlang/Bookworm/Nextcloud/Spin-glass/Codes/DMFE/build/CMakeFiles/CMakeScratch/TryCompile-pngWD7 -resource-dir /usr/lib/llvm-14/lib/clang/14.0.6 -D __CUDA_ARCH__=520 -D __CUDA_ARCH_LIST__=520 -D CUDA_DOUBLE_MATH_FUNCTIONS -internal-isystem /usr/bin/../lib/gcc/x86_64-linux-gnu/12/../../../../include/c++/12 -internal-isystem /usr/bin/../lib/gcc/x86_64-linux-gnu/12/../../../../include/x86_64-linux-gnu/c++/12 -internal-isystem /usr/bin/../lib/gcc/x86_64-linux-gnu/12/../../../../include/c++/12/backward -internal-isystem /usr/lib/llvm-14/lib/clang/14.0.6/include -internal-isystem /usr/local/include -internal-isystem /usr/bin/../lib/gcc/x86_64-linux-gnu/12/../../../../x86_64-linux-gnu/include -internal-externc-isystem /usr/include/x86_64-linux-gnu -internal-externc-isystem /include -internal-externc-isystem /usr/include -fdeprecated-macro -fdebug-compilation-dir=/files/home/part2/jlang/Bookworm/Nextcloud/Spin-glass/Codes/DMFE/build/CMakeFiles/CMakeScratch/TryCompile-pngWD7 -ferror-limit 19 -fgnuc-version=4.2.1 -fcxx-exceptions -fexceptions -faddrsig -D__GCC_HAVE_DWARF2_CFI_ASM=1 -o CMakeFiles/cmTC_d19b5.dir/CMakeCUDACompilerABI.cu.o -x c++ /tmp/tmpxft_003cca7e_00000000-6_CMakeCUDACompilerABI.cudafe1.cpp
clang -cc1 version 14.0.6 based upon LLVM 14.0.6 default target x86_64-pc-linux-gnu
ignoring nonexistent directory "/usr/bin/../lib/gcc/x86_64-linux-gnu/12/../../../../x86_64-linux-gnu/include"
ignoring nonexistent directory "/include"
#include "..." search starts here:
#include <...> search starts here:
 /usr/bin/../lib/gcc/x86_64-linux-gnu/12/../../../../include/c++/12
 /usr/bin/../lib/gcc/x86_64-linux-gnu/12/../../../../include/x86_64-linux-gnu/c++/12
 /usr/bin/../lib/gcc/x86_64-linux-gnu/12/../../../../include/c++/12/backward
 /usr/lib/llvm-14/lib/clang/14.0.6/include
 /usr/local/include
 /usr/include/x86_64-linux-gnu
 /usr/include
End of search list.
Linking CUDA executable cmTC_d19b5
/usr/bin/cmake -E cmake_link_script CMakeFiles/cmTC_d19b5.dir/link.txt --verbose=1
/usr/bin/clang++-14  -v CMakeFiles/cmTC_d19b5.dir/CMakeCUDACompilerABI.cu.o -o cmTC_d19b5  -lcudadevrt -lcudart_static -lrt -lpthread -ldl  -L"/usr/lib/x86_64-linux-gnu/stubs" -L"/usr/lib/x86_64-linux-gnu"
Debian clang version 14.0.6
Target: x86_64-pc-linux-gnu
Thread model: posix
InstalledDir: /usr/bin
Found candidate GCC installation: /usr/bin/../lib/gcc/x86_64-linux-gnu/12
Selected GCC installation: /usr/bin/../lib/gcc/x86_64-linux-gnu/12
Candidate multilib: .;@m64
Selected multilib: .;@m64
Found CUDA installation: /usr/lib/cuda, version 
 "/usr/bin/ld" -pie --hash-style=both --build-id --eh-frame-hdr -m elf_x86_64 -dynamic-linker /lib64/ld-linux-x86-64.so.2 -o cmTC_d19b5 /lib/x86_64-linux-gnu/Scrt1.o /lib/x86_64-linux-gnu/crti.o /usr/bin/../lib/gcc/x86_64-linux-gnu/12/crtbeginS.o -L/usr/lib/x86_64-linux-gnu/stubs -L/usr/lib/x86_64-linux-gnu -L/usr/bin/../lib/gcc/x86_64-linux-gnu/12 -L/usr/bin/../lib/gcc/x86_64-linux-gnu/12/../../../../lib64 -L/lib/x86_64-linux-gnu -L/lib/../lib64 -L/usr/lib/x86_64-linux-gnu -L/usr/lib/../lib64 -L/lib -L/usr/lib CMakeFiles/cmTC_d19b5.dir/CMakeCUDACompilerABI.cu.o -lcudadevrt -lcudart_static -lrt -lpthread -ldl -lstdc++ -lm -lgcc_s -lgcc -lc -lgcc_s -lgcc /usr/bin/../lib/gcc/x86_64-linux-gnu/12/crtendS.o /lib/x86_64-linux-gnu/crtn.o
gmake[1]: Leaving directory '/files/home/part2/jlang/Bookworm/Nextcloud/Spin-glass/Codes/DMFE/build/CMakeFiles/CMakeScratch/TryCompile-pngWD7'



Parsed CUDA implicit include dir info from above output: rv=done
  found start of include info
  found start of implicit include info
    add: [/usr/bin/../lib/gcc/x86_64-linux-gnu/12/../../../../include/c++/12]
    add: [/usr/bin/../lib/gcc/x86_64-linux-gnu/12/../../../../include/x86_64-linux-gnu/c++/12]
    add: [/usr/bin/../lib/gcc/x86_64-linux-gnu/12/../../../../include/c++/12/backward]
    add: [/usr/lib/llvm-14/lib/clang/14.0.6/include]
    add: [/usr/local/include]
    add: [/usr/include/x86_64-linux-gnu]
    add: [/usr/include]
  end of search list found
  collapse include dir [/usr/bin/../lib/gcc/x86_64-linux-gnu/12/../../../../include/c++/12] ==> [/usr/include/c++/12]
  collapse include dir [/usr/bin/../lib/gcc/x86_64-linux-gnu/12/../../../../include/x86_64-linux-gnu/c++/12] ==> [/usr/include/x86_64-linux-gnu/c++/12]
  collapse include dir [/usr/bin/../lib/gcc/x86_64-linux-gnu/12/../../../../include/c++/12/backward] ==> [/usr/include/c++/12/backward]
  collapse include dir [/usr/lib/llvm-14/lib/clang/14.0.6/include] ==> [/usr/lib/llvm-14/lib/clang/14.0.6/include]
  collapse include dir [/usr/local/include] ==> [/usr/local/include]
  collapse include dir [/usr/include/x86_64-linux-gnu] ==> [/usr/include/x86_64-linux-gnu]
  collapse include dir [/usr/include] ==> [/usr/include]
  implicit include dirs: [/usr/include/c++/12;/usr/include/x86_64-linux-gnu/c++/12;/usr/include/c++/12/backward;/usr/lib/llvm-14/lib/clang/14.0.6/include;/usr/local/include;/usr/include/x86_64-linux-gnu;/usr/include]


Parsed CUDA implicit link information from above output:
  link line regex: [^( *|.*[/\])(ld|CMAKE_LINK_STARTFILE-NOTFOUND|([^/\]+-)?ld|collect2)[^/\]*( |$)]
  ignore line: [Change Dir: /files/home/part2/jlang/Bookworm/Nextcloud/Spin-glass/Codes/DMFE/build/CMakeFiles/CMakeScratch/TryCompile-pngWD7]
  ignore line: []
  ignore line: [Run Build Command(s):/usr/bin/gmake -f Makefile cmTC_d19b5/fast && /usr/bin/gmake  -f CMakeFiles/cmTC_d19b5.dir/build.make CMakeFiles/cmTC_d19b5.dir/build]
  ignore line: [gmake[1]: Entering directory '/files/home/part2/jlang/Bookworm/Nextcloud/Spin-glass/Codes/DMFE/build/CMakeFiles/CMakeScratch/TryCompile-pngWD7']
  ignore line: [Building CUDA object CMakeFiles/cmTC_d19b5.dir/CMakeCUDACompilerABI.cu.o]
  ignore line: [/usr/bin/nvcc -forward-unknown-to-host-compiler -ccbin=clang++-14   --generate-code=arch=compute_52 code=[compute_52 sm_52]   -Xcompiler=-v -MD -MT CMakeFiles/cmTC_d19b5.dir/CMakeCUDACompilerABI.cu.o -MF CMakeFiles/cmTC_d19b5.dir/CMakeCUDACompilerABI.cu.o.d -x cu -c /usr/share/cmake-3.25/Modules/CMakeCUDACompilerABI.cu -o CMakeFiles/cmTC_d19b5.dir/CMakeCUDACompilerABI.cu.o]
  ignore line: [Debian clang version 14.0.6]
  ignore line: [Target: x86_64-pc-linux-gnu]
  ignore line: [Thread model: posix]
  ignore line: [InstalledDir: /usr/bin]
  ignore line: [Found candidate GCC installation: /usr/bin/../lib/gcc/x86_64-linux-gnu/12]
  ignore line: [Selected GCC installation: /usr/bin/../lib/gcc/x86_64-linux-gnu/12]
  ignore line: [Candidate multilib: .]
  ignore line: [@m64]
  ignore line: [Selected multilib: .]
  ignore line: [@m64]
  ignore line: [Found CUDA installation: /usr/lib/cuda  version ]
  ignore line: [ (in-process)]
  ignore line: [ "/usr/lib/llvm-14/bin/clang" -cc1 -triple x86_64-pc-linux-gnu -E -disable-free -clear-ast-before-backend -disable-llvm-verifier -discard-value-names -main-file-name CMakeCUDACompilerABI.cu -mrelocation-model pic -pic-level 2 -pic-is-pie -mframe-pointer=all -fmath-errno -ffp-contract=on -fno-rounding-math -mconstructor-aliases -funwind-tables=2 -target-cpu x86-64 -tune-cpu generic -debugger-tuning=gdb -v -fcoverage-compilation-dir=/files/home/part2/jlang/Bookworm/Nextcloud/Spin-glass/Codes/DMFE/build/CMakeFiles/CMakeScratch/TryCompile-pngWD7 -resource-dir /usr/lib/llvm-14/lib/clang/14.0.6 -include cuda_runtime.h -D __CUDA_ARCH__=520 -D __CUDA_ARCH_LIST__=520 -D CUDA_DOUBLE_MATH_FUNCTIONS -D __CUDACC__ -D __NVCC__ -D __CUDACC_VER_MAJOR__=11 -D __CUDACC_VER_MINOR__=8 -D __CUDACC_VER_BUILD__=89 -D __CUDA_API_VER_MAJOR__=11 -D __CUDA_API_VER_MINOR__=8 -D __NVCC_DIAG_PRAGMA_SUPPORT__=1 -internal-isystem /usr/bin/../lib/gcc/x86_64-linux-gnu/12/../../../../include/c++/12 -internal-isystem /usr/bin/../lib/gcc/x86_64-linux-gnu/12/../../../../include/x86_64-linux-gnu/c++/12 -internal-isystem /usr/bin/../lib/gcc/x86_64-linux-gnu/12/../../../../include/c++/12/backward -internal-isystem /usr/lib/llvm-14/lib/clang/14.0.6/include -internal-isystem /usr/local/include -internal-isystem /usr/bin/../lib/gcc/x86_64-linux-gnu/12/../../../../x86_64-linux-gnu/include -internal-externc-isystem /usr/include/x86_64-linux-gnu -internal-externc-isystem /include -internal-externc-isystem /usr/include -fdeprecated-macro -fdebug-compilation-dir=/files/home/part2/jlang/Bookworm/Nextcloud/Spin-glass/Codes/DMFE/build/CMakeFiles/CMakeScratch/TryCompile-pngWD7 -ferror-limit 19 -fgnuc-version=4.2.1 -fcxx-exceptions -fexceptions -faddrsig -D__GCC_HAVE_DWARF2_CFI_ASM=1 -o /tmp/tmpxft_003cca7e_00000000-7_CMakeCUDACompilerABI.cpp1.ii -x c++ /usr/share/cmake-3.25/Modules/CMakeCUDACompilerABI.cu]
  ignore line: [clang -cc1 version 14.0.6 based upon LLVM 14.0.6 default target x86_64-pc-linux-gnu]
  ignore line: [ignoring nonexistent directory "/usr/bin/../lib/gcc/x86_64-linux-gnu/12/../../../../x86_64-linux-gnu/include"]
  ignore line: [ignoring nonexistent directory "/include"]
  ignore line: [#include "..." search starts here:]
  ignore line: [#include <...> search starts here:]
  ignore line: [ /usr/bin/../lib/gcc/x86_64-linux-gnu/12/../../../../include/c++/12]
  ignore line: [ /usr/bin/../lib/gcc/x86_64-linux-gnu/12/../../../../include/x86_64-linux-gnu/c++/12]
  ignore line: [ /usr/bin/../lib/gcc/x86_64-linux-gnu/12/../../../../include/c++/12/backward]
  ignore line: [ /usr/lib/llvm-14/lib/clang/14.0.6/include]
  ignore line: [ /usr/local/include]
  ignore line: [ /usr/include/x86_64-linux-gnu]
  ignore line: [ /usr/include]
  ignore line: [End of search list.]
  ignore line: [Debian clang version 14.0.6]
  ignore line: [Target: x86_64-pc-linux-gnu]
  ignore line: [Thread model: posix]
  ignore line: [InstalledDir: /usr/bin]
  ignore line: [Found candidate GCC installation: /usr/bin/../lib/gcc/x86_64-linux-gnu/12]
  ignore line: [Selected GCC installation: /usr/bin/../lib/gcc/x86_64-linux-gnu/12]
  ignore line: [Candidate multilib: .]
  ignore line: [@m64]
  ignore line: [Selected multilib: .]
  ignore line: [@m64]
  ignore line: [Found CUDA installation: /usr/lib/cuda  version ]
  ignore line: [ (in-process)]
  ignore line: [ "/usr/lib/llvm-14/bin/clang" -cc1 -triple x86_64-pc-linux-gnu -E -disable-free -clear-ast-before-backend -disable-llvm-verifier -discard-value-names -main-file-name CMakeCUDACompilerABI.cu -mrelocation-model pic -pic-level 2 -pic-is-pie -mframe-pointer=all -fmath-errno -ffp-contract=on -fno-rounding-math -mconstructor-aliases -funwind-tables=2 -target-cpu x86-64 -tune-cpu generic -debugger-tuning=gdb -v -fcoverage-compilation-dir=/files/home/part2/jlang/Bookworm/Nextcloud/Spin-glass/Codes/DMFE/build/CMakeFiles/CMakeScratch/TryCompile-pngWD7 -resource-dir /usr/lib/llvm-14/lib/clang/14.0.6 -include cuda_runtime.h -D __CUDA_ARCH_LIST__=520 -D __CUDACC__ -D __NVCC__ -D __CUDACC_VER_MAJOR__=11 -D __CUDACC_VER_MINOR__=8 -D __CUDACC_VER_BUILD__=89 -D __CUDA_API_VER_MAJOR__=11 -D __CUDA_API_VER_MINOR__=8 -D __NVCC_DIAG_PRAGMA_SUPPORT__=1 -internal-isystem /usr/bin/../lib/gcc/x86_64-linux-gnu/12/../../../../include/c++/12 -internal-isystem /usr/bin/../lib/gcc/x86_64-linux-gnu/12/../../../../include/x86_64-linux-gnu/c++/12 -internal-isystem /usr/bin/../lib/gcc/x86_64-linux-gnu/12/../../../../include/c++/12/backward -internal-isystem /usr/lib/llvm-14/lib/clang/14.0.6/include -internal-isystem /usr/local/include -internal-isystem /usr/bin/../lib/gcc/x86_64-linux-gnu/12/../../../../x86_64-linux-gnu/include -internal-externc-isystem /usr/include/x86_64-linux-gnu -internal-externc-isystem /include -internal-externc-isystem /usr/include -fdeprecated-macro -fdebug-compilation-dir=/files/home/part2/jlang/Bookworm/Nextcloud/Spin-glass/Codes/DMFE/build/CMakeFiles/CMakeScratch/TryCompile-pngWD7 -ferror-limit 19 -fgnuc-version=4.2.1 -fcxx-exceptions -fexceptions -faddrsig -D__GCC_HAVE_DWARF2_CFI_ASM=1 -o /tmp/tmpxft_003cca7e_00000000-5_CMakeCUDACompilerABI.cpp4.ii -x c++ /usr/share/cmake-3.25/Modules/CMakeCUDACompilerABI.cu]
  ignore line: [clang -cc1 version 14.0.6 based upon LLVM 14.0.6 default target x86_64-pc-linux-gnu]
  ignore line: [ignoring nonexistent directory "/usr/bin/../lib/gcc/x86_64-linux-gnu/12/../../../../x86_64-linux-gnu/include"]
  ignore line: [ignoring nonexistent directory "/include"]
  ignore line: [#include "..." search starts here:]
  ignore line: [#include <...> search starts here:]
  ignore line: [ /usr/bin/../lib/gcc/x86_64-linux-gnu/12/../../../../include/c++/12]
  ignore line: [ /usr/bin/../lib/gcc/x86_64-linux-gnu/12/../../../../include/x86_64-linux-gnu/c++/12]
  ignore line: [ /usr/bin/../lib/gcc/x86_64-linux-gnu/12/../../../../include/c++/12/backward]
  ignore line: [ /usr/lib/llvm-14/lib/clang/14.0.6/include]
  ignore line: [ /usr/local/include]
  ignore line: [ /usr/include/x86_64-linux-gnu]
  ignore line: [ /usr/include]
  ignore line: [End of search list.]
  ignore line: [Debian clang version 14.0.6]
  ignore line: [Target: x86_64-pc-linux-gnu]
  ignore line: [Thread model: posix]
  ignore line: [InstalledDir: /usr/bin]
  ignore line: [Found candidate GCC installation: /usr/bin/../lib/gcc/x86_64-linux-gnu/12]
  ignore line: [Selected GCC installation: /usr/bin/../lib/gcc/x86_64-linux-gnu/12]
  ignore line: [Candidate multilib: .]
  ignore line: [@m64]
  ignore line: [Selected multilib: .]
  ignore line: [@m64]
  ignore line: [Found CUDA installation: /usr/lib/cuda  version ]
  ignore line: [ (in-process)]
  ignore line: [ "/usr/lib/llvm-14/bin/clang" -cc1 -triple x86_64-pc-linux-gnu -emit-obj -mrelax-all --mrelax-relocations -disable-free -clear-ast-before-backend -disable-llvm-verifier -discard-value-names -main-file-name tmpxft_003cca7e_00000000-6_CMakeCUDACompilerABI.cudafe1.cpp -mrelocation-model pic -pic-level 2 -pic-is-pie -mframe-pointer=all -fmath-errno -ffp-contract=on -fno-rounding-math -mconstructor-aliases -funwind-tables=2 -target-cpu x86-64 -tune-cpu generic -mllvm -treat-scalable-fixed-error-as-warning -debugger-tuning=gdb -v -fcoverage-compilation-dir=/files/home/part2/jlang/Bookworm/Nextcloud/Spin-glass/Codes/DMFE/build/CMakeFiles/CMakeScratch/TryCompile-pngWD7 -resource-dir /usr/lib/llvm-14/lib/clang/14.0.6 -D __CUDA_ARCH__=520 -D __CUDA_ARCH_LIST__=520 -D CUDA_DOUBLE_MATH_FUNCTIONS -internal-isystem /usr/bin/../lib/gcc/x86_64-linux-gnu/12/../../../../include/c++/12 -internal-isystem /usr/bin/../lib/gcc/x86_64-linux-gnu/12/../../../../include/x86_64-linux-gnu/c++/12 -internal-isystem /usr/bin/../lib/gcc/x86_64-linux-gnu/12/../../../../include/c++/12/backward -internal-isystem /usr/lib/llvm-14/lib/clang/14.0.6/include -internal-isystem /usr/local/include -internal-isystem /usr/bin/../lib/gcc/x86_64-linux-gnu/12/../../../../x86_64-linux-gnu/include -internal-externc-isystem /usr/include/x86_64-linux-gnu -internal-externc-isystem /include -internal-externc-isystem /usr/include -fdeprecated-macro -fdebug-compilation-dir=/files/home/part2/jlang/Bookworm/Nextcloud/Spin-glass/Codes/DMFE/build/CMakeFiles/CMakeScratch/TryCompile-pngWD7 -ferror-limit 19 -fgnuc-version=4.2.1 -fcxx-exceptions -fexceptions -faddrsig -D__GCC_HAVE_DWARF2_CFI_ASM=1 -o CMakeFiles/cmTC_d19b5.dir/CMakeCUDACompilerABI.cu.o -x c++ /tmp/tmpxft_003cca7e_00000000-6_CMakeCUDACompilerABI.cudafe1.cpp]
  ignore line: [clang -cc1 version 14.0.6 based upon LLVM 14.0.6 default target x86_64-pc-linux-gnu]
  ignore line: [ignoring nonexistent directory "/usr/bin/../lib/gcc/x86_64-linux-gnu/12/../../../../x86_64-linux-gnu/include"]
  ignore line: [ignoring nonexistent directory "/include"]
  ignore line: [#include "..." search starts here:]
  ignore line: [#include <...> search starts here:]
  ignore line: [ /usr/bin/../lib/gcc/x86_64-linux-gnu/12/../../../../include/c++/12]
  ignore line: [ /usr/bin/../lib/gcc/x86_64-linux-gnu/12/../../../../include/x86_64-linux-gnu/c++/12]
  ignore line: [ /usr/bin/../lib/gcc/x86_64-linux-gnu/12/../../../../include/c++/12/backward]
  ignore line: [ /usr/lib/llvm-14/lib/clang/14.0.6/include]
  ignore line: [ /usr/local/include]
  ignore line: [ /usr/include/x86_64-linux-gnu]
  ignore line: [ /usr/include]
  ignore line: [End of search list.]
  ignore line: [Linking CUDA executable cmTC_d19b5]
  ignore line: [/usr/bin/cmake -E cmake_link_script CMakeFiles/cmTC_d19b5.dir/link.txt --verbose=1]
  ignore line: [/usr/bin/clang++-14  -v CMakeFiles/cmTC_d19b5.dir/CMakeCUDACompilerABI.cu.o -o cmTC_d19b5  -lcudadevrt -lcudart_static -lrt -lpthread -ldl  -L"/usr/lib/x86_64-linux-gnu/stubs" -L"/usr/lib/x86_64-linux-gnu"]
  ignore line: [Debian clang version 14.0.6]
  ignore line: [Target: x86_64-pc-linux-gnu]
  ignore line: [Thread model: posix]
  ignore line: [InstalledDir: /usr/bin]
  ignore line: [Found candidate GCC installation: /usr/bin/../lib/gcc/x86_64-linux-gnu/12]
  ignore line: [Selected GCC installation: /usr/bin/../lib/gcc/x86_64-linux-gnu/12]
  ignore line: [Candidate multilib: .]
  ignore line: [@m64]
  ignore line: [Selected multilib: .]
  ignore line: [@m64]
  ignore line: [Found CUDA installation: /usr/lib/cuda  version ]
  link line: [ "/usr/bin/ld" -pie --hash-style=both --build-id --eh-frame-hdr -m elf_x86_64 -dynamic-linker /lib64/ld-linux-x86-64.so.2 -o cmTC_d19b5 /lib/x86_64-linux-gnu/Scrt1.o /lib/x86_64-linux-gnu/crti.o /usr/bin/../lib/gcc/x86_64-linux-gnu/12/crtbeginS.o -L/usr/lib/x86_64-linux-gnu/stubs -L/usr/lib/x86_64-linux-gnu -L/usr/bin/../lib/gcc/x86_64-linux-gnu/12 -L/usr/bin/../lib/gcc/x86_64-linux-gnu/12/../../../../lib64 -L/lib/x86_64-linux-gnu -L/lib/../lib64 -L/usr/lib/x86_64-linux-gnu -L/usr/lib/../lib64 -L/lib -L/usr/lib CMakeFiles/cmTC_d19b5.dir/CMakeCUDACompilerABI.cu.o -lcudadevrt -lcudart_static -lrt -lpthread -ldl -lstdc++ -lm -lgcc_s -lgcc -lc -lgcc_s -lgcc /usr/bin/../lib/gcc/x86_64-linux-gnu/12/crtendS.o /lib/x86_64-linux-gnu/crtn.o]
    arg [/usr/bin/ld] ==> ignore
    arg [-pie] ==> ignore
    arg [--hash-style=both] ==> ignore
    arg [--build-id] ==> ignore
    arg [--eh-frame-hdr] ==> ignore
    arg [-m] ==> ignore
    arg [elf_x86_64] ==> ignore
    arg [-dynamic-linker] ==> ignore
    arg [/lib64/ld-linux-x86-64.so.2] ==> ignore
    arg [-o] ==> ignore
    arg [cmTC_d19b5] ==> ignore
    arg [/lib/x86_64-linux-gnu/Scrt1.o] ==> obj [/lib/x86_64-linux-gnu/Scrt1.o]
    arg [/lib/x86_64-linux-gnu/crti.o] ==> obj [/lib/x86_64-linux-gnu/crti.o]
    arg [/usr/bin/../lib/gcc/x86_64-linux-gnu/12/crtbeginS.o] ==> obj [/usr/bin/../lib/gcc/x86_64-linux-gnu/12/crtbeginS.o]
    arg [-L/usr/lib/x86_64-linux-gnu/stubs] ==> dir [/usr/lib/x86_64-linux-gnu/stubs]
    arg [-L/usr/lib/x86_64-linux-gnu] ==> dir [/usr/lib/x86_64-linux-gnu]
    arg [-L/usr/bin/../lib/gcc/x86_64-linux-gnu/12] ==> dir [/usr/bin/../lib/gcc/x86_64-linux-gnu/12]
    arg [-L/usr/bin/../lib/gcc/x86_64-linux-gnu/12/../../../../lib64] ==> dir [/usr/bin/../lib/gcc/x86_64-linux-gnu/12/../../../../lib64]
    arg [-L/lib/x86_64-linux-gnu] ==> dir [/lib/x86_64-linux-gnu]
    arg [-L/lib/../lib64] ==> dir [/lib/../lib64]
    arg [-L/usr/lib/x86_64-linux-gnu] ==> dir [/usr/lib/x86_64-linux-gnu]
    arg [-L/usr/lib/../lib64] ==> dir [/usr/lib/../lib64]
    arg [-L/lib] ==> dir [/lib]
    arg [-L/usr/lib] ==> dir [/usr/lib]
    arg [CMakeFiles/cmTC_d19b5.dir/CMakeCUDACompilerABI.cu.o] ==> ignore
    arg [-lcudadevrt] ==> lib [cudadevrt]
    arg [-lcudart_static] ==> lib [cudart_static]
    arg [-lrt] ==> lib [rt]
    arg [-lpthread] ==> lib [pthread]
    arg [-ldl] ==> lib [dl]
    arg [-lstdc++] ==> lib [stdc++]
    arg [-lm] ==> lib [m]
    arg [-lgcc_s] ==> lib [gcc_s]
    arg [-lgcc] ==> lib [gcc]
    arg [-lc] ==> lib [c]
    arg [-lgcc_s] ==> lib [gcc_s]
    arg [-lgcc] ==> lib [gcc]
    arg [/usr/bin/../lib/gcc/x86_64-linux-gnu/12/crtendS.o] ==> obj [/usr/bin/../lib/gcc/x86_64-linux-gnu/12/crtendS.o]
    arg [/lib/x86_64-linux-gnu/crtn.o] ==> obj [/lib/x86_64-linux-gnu/crtn.o]
  collapse obj [/usr/bin/../lib/gcc/x86_64-linux-gnu/12/crtbeginS.o] ==> [/usr/lib/gcc/x86_64-linux-gnu/12/crtbeginS.o]
  collapse obj [/usr/bin/../lib/gcc/x86_64-linux-gnu/12/crtendS.o] ==> [/usr/lib/gcc/x86_64-linux-gnu/12/crtendS.o]
  collapse library dir [/usr/lib/x86_64-linux-gnu/stubs] ==> [/usr/lib/x86_64-linux-gnu/stubs]
  collapse library dir [/usr/lib/x86_64-linux-gnu] ==> [/usr/lib/x86_64-linux-gnu]
  collapse library dir [/usr/bin/../lib/gcc/x86_64-linux-gnu/12] ==> [/usr/lib/gcc/x86_64-linux-gnu/12]
  collapse library dir [/usr/bin/../lib/gcc/x86_64-linux-gnu/12/../../../../lib64] ==> [/usr/lib64]
  collapse library dir [/lib/x86_64-linux-gnu] ==> [/lib/x86_64-linux-gnu]
  collapse library dir [/lib/../lib64] ==> [/lib64]
  collapse library dir [/usr/lib/x86_64-linux-gnu] ==> [/usr/lib/x86_64-linux-gnu]
  collapse library dir [/usr/lib/../lib64] ==> [/usr/lib64]
  collapse library dir [/lib] ==> [/lib]
  collapse library dir [/usr/lib] ==> [/usr/lib]
  implicit libs: [cudadevrt;cudart_static;rt;pthread;dl;stdc++;m;gcc_s;gcc;c;gcc_s;gcc]
  implicit objs: [/lib/x86_64-linux-gnu/Scrt1.o;/lib/x86_64-linux-gnu/crti.o;/usr/lib/gcc/x86_64-linux-gnu/12/crtbeginS.o;/usr/lib/gcc/x86_64-linux-gnu/12/crtendS.o;/lib/x86_64-linux-gnu/crtn.o]
  implicit dirs: [/usr/lib/x86_64-linux-gnu/stubs;/usr/lib/x86_64-linux-gnu;/usr/lib/gcc/x86_64-linux-gnu/12;/usr/lib64;/lib/x86_64-linux-gnu;/lib64;/lib;/usr/lib]
  implicit fwks: []


